2024-05-30 20:33:06 INFO  cic.cs.unb.ca.jnetpcap.worker.TrafficFlowWorker    Pcap is listening...
2024-05-30 20:33:07 DEBUG cic.cs.unb.ca.jnetpcap.FlowGenerator    FlagFIN current has 14 flow
2024-05-30 20:33:07 DEBUG cic.cs.unb.ca.jnetpcap.FlowGenerator    FlagFIN current has 15 flow
2024-05-30 20:33:16 DEBUG cic.cs.unb.ca.jnetpcap.FlowGenerator    FlagFIN current has 28 flow
2024-05-30 20:33:22 DEBUG cic.cs.unb.ca.jnetpcap.FlowGenerator    FlagFIN current has 31 flow
2024-05-30 20:33:22 DEBUG cic.cs.unb.ca.jnetpcap.FlowGenerator    FlagFIN current has 31 flow
2024-05-30 20:33:26 DEBUG cic.cs.unb.ca.jnetpcap.FlowGenerator    FlagFIN current has 35 flow
2024-05-30 20:33:27 DEBUG cic.cs.unb.ca.jnetpcap.FlowGenerator    FlagFIN current has 36 flow
2024-05-30 20:33:36 DEBUG cic.cs.unb.ca.jnetpcap.FlowGenerator    FlagFIN current has 44 flow
2024-05-30 20:33:36 DEBUG cic.cs.unb.ca.jnetpcap.FlowGenerator    FlagFIN current has 43 flow
2024-05-30 20:33:36 DEBUG cic.cs.unb.ca.jnetpcap.FlowGenerator    FlagFIN current has 42 flow
2024-05-30 20:33:36 DEBUG cic.cs.unb.ca.jnetpcap.FlowGenerator    FlagFIN current has 41 flow
2024-05-30 20:33:36 DEBUG cic.cs.unb.ca.jnetpcap.FlowGenerator    FlagFIN current has 40 flow
2024-05-30 20:33:36 DEBUG cic.cs.unb.ca.jnetpcap.FlowGenerator    FlagFIN current has 39 flow
2024-05-30 20:33:36 DEBUG cic.cs.unb.ca.jnetpcap.FlowGenerator    FlagFIN current has 38 flow
2024-05-30 20:33:36 DEBUG cic.cs.unb.ca.jnetpcap.FlowGenerator    FlagFIN current has 37 flow
2024-05-30 20:33:36 DEBUG cic.cs.unb.ca.jnetpcap.FlowGenerator    FlagFIN current has 38 flow
2024-05-30 20:33:36 DEBUG cic.cs.unb.ca.jnetpcap.FlowGenerator    FlagFIN current has 38 flow
2024-05-30 20:33:36 DEBUG cic.cs.unb.ca.jnetpcap.FlowGenerator    FlagFIN current has 38 flow
2024-05-30 20:33:36 DEBUG cic.cs.unb.ca.jnetpcap.FlowGenerator    FlagFIN current has 40 flow
2024-05-30 20:33:36 DEBUG cic.cs.unb.ca.jnetpcap.FlowGenerator    FlagFIN current has 40 flow
2024-05-30 20:33:36 DEBUG cic.cs.unb.ca.jnetpcap.FlowGenerator    FlagFIN current has 42 flow
2024-05-30 20:33:36 DEBUG cic.cs.unb.ca.jnetpcap.FlowGenerator    FlagFIN current has 42 flow
2024-05-30 20:33:36 DEBUG cic.cs.unb.ca.jnetpcap.FlowGenerator    FlagFIN current has 44 flow
2024-05-30 20:33:40 DEBUG cic.cs.unb.ca.jnetpcap.FlowGenerator    FlagFIN current has 49 flow
2024-05-30 20:33:40 DEBUG cic.cs.unb.ca.jnetpcap.FlowGenerator    FlagFIN current has 49 flow
2024-05-30 20:33:45 DEBUG cic.cs.unb.ca.jnetpcap.FlowGenerator    FlagFIN current has 55 flow
2024-05-30 20:33:47 DEBUG cic.cs.unb.ca.jnetpcap.FlowGenerator    FlagFIN current has 56 flow
2024-05-30 20:33:48 DEBUG cic.cs.unb.ca.jnetpcap.FlowGenerator    FlagFIN current has 59 flow
2024-05-30 20:33:56 DEBUG cic.cs.unb.ca.jnetpcap.FlowGenerator    FlagFIN current has 63 flow
2024-05-30 20:33:56 DEBUG cic.cs.unb.ca.jnetpcap.FlowGenerator    FlagFIN current has 63 flow
2024-05-30 20:34:11 DEBUG cic.cs.unb.ca.jnetpcap.FlowGenerator    FlagFIN current has 71 flow
2024-05-30 20:34:11 DEBUG cic.cs.unb.ca.jnetpcap.FlowGenerator    FlagFIN current has 71 flow
2024-05-30 20:34:13 DEBUG cic.cs.unb.ca.jnetpcap.FlowGenerator    FlagFIN current has 71 flow
2024-05-30 20:34:13 DEBUG cic.cs.unb.ca.jnetpcap.FlowGenerator    FlagFIN current has 71 flow
2024-05-30 20:34:14 DEBUG cic.cs.unb.ca.jnetpcap.FlowGenerator    FlagFIN current has 71 flow
2024-05-30 20:34:14 DEBUG cic.cs.unb.ca.jnetpcap.FlowGenerator    FlagFIN current has 71 flow
2024-05-30 20:34:17 DEBUG cic.cs.unb.ca.jnetpcap.FlowGenerator    FlagFIN current has 80 flow
2024-05-30 20:34:17 DEBUG cic.cs.unb.ca.jnetpcap.FlowGenerator    FlagFIN current has 80 flow
2024-05-30 20:34:19 DEBUG cic.cs.unb.ca.jnetpcap.FlowGenerator    FlagFIN current has 82 flow
2024-05-30 20:34:27 DEBUG cic.cs.unb.ca.jnetpcap.FlowGenerator    FlagFIN current has 90 flow
2024-05-30 20:34:27 DEBUG cic.cs.unb.ca.jnetpcap.FlowGenerator    FlagFIN current has 90 flow
2024-05-30 20:34:29 DEBUG cic.cs.unb.ca.jnetpcap.FlowGenerator    FlagFIN current has 90 flow
2024-05-30 20:34:29 DEBUG cic.cs.unb.ca.jnetpcap.FlowGenerator    FlagFIN current has 91 flow
2024-05-30 20:34:29 DEBUG cic.cs.unb.ca.jnetpcap.FlowGenerator    FlagFIN current has 91 flow
2024-05-30 20:34:29 DEBUG cic.cs.unb.ca.jnetpcap.FlowGenerator    FlagFIN current has 91 flow
2024-05-30 20:34:29 DEBUG cic.cs.unb.ca.jnetpcap.FlowGenerator    FlagFIN current has 91 flow
2024-05-30 20:34:30 DEBUG cic.cs.unb.ca.jnetpcap.FlowGenerator    FlagFIN current has 91 flow
2024-05-30 20:34:32 DEBUG cic.cs.unb.ca.jnetpcap.FlowGenerator    FlagFIN current has 93 flow
2024-05-30 20:34:33 DEBUG cic.cs.unb.ca.jnetpcap.FlowGenerator    FlagFIN current has 93 flow
2024-05-30 20:34:53 DEBUG cic.cs.unb.ca.jnetpcap.FlowGenerator    FlagFIN current has 110 flow
2024-05-30 20:34:55 INFO  cic.cs.unb.ca.flow.ui.FlowMonitorPane    Pcap stop listening
2024-05-30 20:34:55 INFO  cic.cs.unb.ca.flow.ui.FlowMonitorPane    path:C:\Users\DELL\Desktop\Last Hope\IE105-FinalProject\CICFlowmeter\bin\data\daily\2024-05-30_Flow.csv
2024-05-30 20:34:55 DEBUG cic.cs.unb.ca.jnetpcap.worker.TrafficFlowWorker    break Packet loop
2024-05-30 20:47:33 INFO  cic.cs.unb.ca.jnetpcap.worker.TrafficFlowWorker    Pcap is listening...
2024-05-30 20:47:42 DEBUG cic.cs.unb.ca.jnetpcap.FlowGenerator    FlagFIN current has 22 flow
2024-05-30 20:48:01 DEBUG cic.cs.unb.ca.jnetpcap.FlowGenerator    FlagFIN current has 32 flow
2024-05-30 20:48:09 DEBUG cic.cs.unb.ca.jnetpcap.FlowGenerator    FlagFIN current has 35 flow
2024-05-30 20:48:09 DEBUG cic.cs.unb.ca.jnetpcap.FlowGenerator    FlagFIN current has 35 flow
2024-05-30 20:48:09 DEBUG cic.cs.unb.ca.jnetpcap.FlowGenerator    FlagFIN current has 35 flow
2024-05-30 20:48:11 DEBUG cic.cs.unb.ca.jnetpcap.FlowGenerator    FlagFIN current has 36 flow
2024-05-30 20:48:24 DEBUG cic.cs.unb.ca.jnetpcap.FlowGenerator    FlagFIN current has 56 flow
2024-05-30 20:48:36 DEBUG cic.cs.unb.ca.jnetpcap.FlowGenerator    FlagFIN current has 71 flow
2024-05-30 20:48:38 DEBUG cic.cs.unb.ca.jnetpcap.FlowGenerator    FlagFIN current has 72 flow
2024-05-30 20:48:45 DEBUG cic.cs.unb.ca.jnetpcap.FlowGenerator    FlagFIN current has 75 flow
2024-05-30 20:49:14 DEBUG cic.cs.unb.ca.jnetpcap.FlowGenerator    FlagFIN current has 82 flow
2024-05-30 20:49:22 DEBUG cic.cs.unb.ca.jnetpcap.FlowGenerator    FlagFIN current has 83 flow
2024-05-30 20:49:24 DEBUG cic.cs.unb.ca.jnetpcap.FlowGenerator    FlagFIN current has 83 flow
2024-05-30 20:49:24 DEBUG cic.cs.unb.ca.jnetpcap.FlowGenerator    FlagFIN current has 83 flow
2024-05-30 20:49:30 DEBUG cic.cs.unb.ca.jnetpcap.FlowGenerator    FlagFIN current has 85 flow
2024-05-30 20:49:30 INFO  cic.cs.unb.ca.flow.ui.FlowMonitorPane    Pcap stop listening
2024-05-30 20:49:30 INFO  cic.cs.unb.ca.flow.ui.FlowMonitorPane    path:C:\Users\DELL\Desktop\Last Hope\IE105-FinalProject\CICFlowmeter\bin\data\daily\2024-05-30_Flow.csv
2024-05-30 20:49:30 DEBUG cic.cs.unb.ca.jnetpcap.worker.TrafficFlowWorker    break Packet loop
2024-05-30 20:49:58 INFO  cic.cs.unb.ca.jnetpcap.worker.TrafficFlowWorker    Pcap is listening...
2024-05-30 20:50:00 DEBUG cic.cs.unb.ca.jnetpcap.FlowGenerator    FlagFIN current has 6 flow
2024-05-30 20:50:01 DEBUG cic.cs.unb.ca.jnetpcap.FlowGenerator    FlagFIN current has 9 flow
2024-05-30 20:50:02 DEBUG cic.cs.unb.ca.jnetpcap.FlowGenerator    FlagFIN current has 11 flow
2024-05-30 20:50:06 DEBUG cic.cs.unb.ca.jnetpcap.FlowGenerator    FlagFIN current has 13 flow
2024-05-30 20:50:07 DEBUG cic.cs.unb.ca.jnetpcap.FlowGenerator    FlagFIN current has 16 flow
2024-05-30 20:50:07 DEBUG cic.cs.unb.ca.jnetpcap.FlowGenerator    FlagFIN current has 17 flow
2024-05-30 20:50:19 DEBUG cic.cs.unb.ca.jnetpcap.FlowGenerator    FlagFIN current has 27 flow
2024-05-30 20:50:21 DEBUG cic.cs.unb.ca.jnetpcap.FlowGenerator    FlagFIN current has 27 flow
2024-05-30 20:50:24 DEBUG cic.cs.unb.ca.jnetpcap.FlowGenerator    FlagFIN current has 34 flow
2024-05-30 20:50:24 DEBUG cic.cs.unb.ca.jnetpcap.FlowGenerator    FlagFIN current has 34 flow
2024-05-30 20:50:25 DEBUG cic.cs.unb.ca.jnetpcap.FlowGenerator    FlagFIN current has 35 flow
2024-05-30 20:50:25 DEBUG cic.cs.unb.ca.jnetpcap.FlowGenerator    FlagFIN current has 35 flow
2024-05-30 20:50:25 DEBUG cic.cs.unb.ca.jnetpcap.FlowGenerator    FlagFIN current has 35 flow
2024-05-30 20:50:26 DEBUG cic.cs.unb.ca.jnetpcap.FlowGenerator    FlagFIN current has 37 flow
2024-05-30 20:50:26 DEBUG cic.cs.unb.ca.jnetpcap.FlowGenerator    FlagFIN current has 38 flow
2024-05-30 20:50:26 DEBUG cic.cs.unb.ca.jnetpcap.FlowGenerator    FlagFIN current has 38 flow
2024-05-30 20:50:31 DEBUG cic.cs.unb.ca.jnetpcap.FlowGenerator    FlagFIN current has 41 flow
2024-05-30 20:50:34 DEBUG cic.cs.unb.ca.jnetpcap.FlowGenerator    FlagFIN current has 42 flow
2024-05-30 20:50:48 DEBUG cic.cs.unb.ca.jnetpcap.FlowGenerator    FlagFIN current has 46 flow
2024-05-30 20:50:58 DEBUG cic.cs.unb.ca.jnetpcap.FlowGenerator    FlagFIN current has 48 flow
2024-05-30 20:51:23 DEBUG cic.cs.unb.ca.jnetpcap.FlowGenerator    FlagFIN current has 54 flow
2024-05-30 20:51:23 DEBUG cic.cs.unb.ca.jnetpcap.FlowGenerator    FlagFIN current has 54 flow
2024-05-30 20:52:48 DEBUG cic.cs.unb.ca.jnetpcap.FlowGenerator    FlagFIN current has 73 flow
2024-05-30 20:52:48 DEBUG cic.cs.unb.ca.jnetpcap.FlowGenerator    FlagFIN current has 73 flow
2024-05-30 20:53:32 DEBUG cic.cs.unb.ca.jnetpcap.FlowGenerator    FlagFIN current has 81 flow
2024-05-30 20:53:38 DEBUG cic.cs.unb.ca.jnetpcap.worker.TrafficFlowWorker    break Packet loop
2024-05-30 20:53:38 INFO  cic.cs.unb.ca.flow.ui.FlowMonitorPane    Pcap stop listening
2024-05-30 20:53:38 INFO  cic.cs.unb.ca.flow.ui.FlowMonitorPane    path:C:\Users\DELL\Desktop\Last Hope\IE105-FinalProject\CICFlowmeter\bin\data\daily\2024-05-30_Flow.csv
2024-05-30 20:59:19 INFO  cic.cs.unb.ca.jnetpcap.worker.TrafficFlowWorker    Pcap is listening...
2024-05-30 20:59:23 DEBUG cic.cs.unb.ca.jnetpcap.FlowGenerator    FlagFIN current has 5 flow
2024-05-30 20:59:42 DEBUG cic.cs.unb.ca.jnetpcap.FlowGenerator    FlagFIN current has 15 flow
2024-05-30 20:59:42 DEBUG cic.cs.unb.ca.jnetpcap.FlowGenerator    FlagFIN current has 16 flow
2024-05-30 20:59:43 DEBUG cic.cs.unb.ca.jnetpcap.FlowGenerator    FlagFIN current has 16 flow
2024-05-30 20:59:43 DEBUG cic.cs.unb.ca.jnetpcap.FlowGenerator    FlagFIN current has 15 flow
2024-05-30 20:59:43 DEBUG cic.cs.unb.ca.jnetpcap.FlowGenerator    FlagFIN current has 15 flow
2024-05-30 20:59:43 DEBUG cic.cs.unb.ca.jnetpcap.FlowGenerator    FlagFIN current has 15 flow
2024-05-30 20:59:43 DEBUG cic.cs.unb.ca.jnetpcap.FlowGenerator    FlagFIN current has 15 flow
2024-05-30 20:59:44 DEBUG cic.cs.unb.ca.jnetpcap.FlowGenerator    FlagFIN current has 16 flow
2024-05-30 20:59:44 DEBUG cic.cs.unb.ca.jnetpcap.FlowGenerator    FlagFIN current has 16 flow
2024-05-30 20:59:44 DEBUG cic.cs.unb.ca.jnetpcap.FlowGenerator    FlagFIN current has 16 flow
2024-05-30 20:59:51 DEBUG cic.cs.unb.ca.jnetpcap.FlowGenerator    FlagFIN current has 22 flow
2024-05-30 20:59:51 DEBUG cic.cs.unb.ca.jnetpcap.FlowGenerator    FlagFIN current has 22 flow
2024-05-30 21:00:04 DEBUG cic.cs.unb.ca.jnetpcap.FlowGenerator    FlagFIN current has 27 flow
2024-05-30 21:00:04 DEBUG cic.cs.unb.ca.jnetpcap.FlowGenerator    FlagFIN current has 27 flow
2024-05-30 21:00:04 DEBUG cic.cs.unb.ca.jnetpcap.FlowGenerator    FlagFIN current has 27 flow
2024-05-30 21:00:04 DEBUG cic.cs.unb.ca.jnetpcap.FlowGenerator    FlagFIN current has 27 flow
2024-05-30 21:00:05 DEBUG cic.cs.unb.ca.jnetpcap.FlowGenerator    FlagFIN current has 27 flow
2024-05-30 21:00:22 DEBUG cic.cs.unb.ca.jnetpcap.FlowGenerator    FlagFIN current has 31 flow
2024-05-30 21:00:22 DEBUG cic.cs.unb.ca.jnetpcap.FlowGenerator    FlagFIN current has 31 flow
2024-05-30 21:00:35 DEBUG cic.cs.unb.ca.jnetpcap.FlowGenerator    FlagFIN current has 32 flow
2024-05-30 21:00:37 DEBUG cic.cs.unb.ca.jnetpcap.FlowGenerator    FlagFIN current has 32 flow
2024-05-30 21:01:06 DEBUG cic.cs.unb.ca.jnetpcap.FlowGenerator    FlagFIN current has 45 flow
2024-05-30 21:01:06 DEBUG cic.cs.unb.ca.jnetpcap.FlowGenerator    FlagFIN current has 45 flow
2024-05-30 21:01:23 DEBUG cic.cs.unb.ca.jnetpcap.FlowGenerator    FlagFIN current has 64 flow
2024-05-30 21:01:23 DEBUG cic.cs.unb.ca.jnetpcap.FlowGenerator    FlagFIN current has 64 flow
2024-05-30 21:01:37 DEBUG cic.cs.unb.ca.jnetpcap.FlowGenerator    FlagFIN current has 65 flow
2024-05-30 21:01:37 DEBUG cic.cs.unb.ca.jnetpcap.FlowGenerator    FlagFIN current has 65 flow
2024-05-30 21:01:38 DEBUG cic.cs.unb.ca.jnetpcap.FlowGenerator    FlagFIN current has 67 flow
2024-05-30 21:01:41 DEBUG cic.cs.unb.ca.jnetpcap.FlowGenerator    FlagFIN current has 68 flow
2024-05-30 21:02:09 DEBUG cic.cs.unb.ca.jnetpcap.FlowGenerator    FlagFIN current has 74 flow
2024-05-30 21:02:10 DEBUG cic.cs.unb.ca.jnetpcap.FlowGenerator    FlagFIN current has 74 flow
2024-05-30 21:02:10 DEBUG cic.cs.unb.ca.jnetpcap.FlowGenerator    FlagFIN current has 74 flow
2024-05-30 21:02:11 DEBUG cic.cs.unb.ca.jnetpcap.FlowGenerator    FlagFIN current has 74 flow
2024-05-30 21:02:20 DEBUG cic.cs.unb.ca.jnetpcap.FlowGenerator    FlagFIN current has 80 flow
2024-05-30 21:02:20 DEBUG cic.cs.unb.ca.jnetpcap.FlowGenerator    FlagFIN current has 80 flow
2024-05-30 21:02:51 DEBUG cic.cs.unb.ca.jnetpcap.FlowGenerator    FlagFIN current has 84 flow
2024-05-30 21:02:51 DEBUG cic.cs.unb.ca.jnetpcap.FlowGenerator    FlagFIN current has 84 flow
2024-05-30 21:02:51 DEBUG cic.cs.unb.ca.jnetpcap.FlowGenerator    FlagFIN current has 84 flow
2024-05-30 21:03:05 DEBUG cic.cs.unb.ca.jnetpcap.FlowGenerator    FlagFIN current has 85 flow
2024-05-30 21:03:08 DEBUG cic.cs.unb.ca.jnetpcap.FlowGenerator    FlagFIN current has 85 flow
2024-05-30 21:03:08 DEBUG cic.cs.unb.ca.jnetpcap.FlowGenerator    FlagFIN current has 85 flow
2024-05-30 21:03:29 DEBUG cic.cs.unb.ca.jnetpcap.FlowGenerator    FlagFIN current has 91 flow
2024-05-30 21:03:29 DEBUG cic.cs.unb.ca.jnetpcap.FlowGenerator    FlagFIN current has 91 flow
2024-05-30 21:03:39 DEBUG cic.cs.unb.ca.jnetpcap.FlowGenerator    FlagFIN current has 97 flow
2024-05-30 21:03:51 DEBUG cic.cs.unb.ca.jnetpcap.FlowGenerator    FlagFIN current has 102 flow
2024-05-30 21:03:51 DEBUG cic.cs.unb.ca.jnetpcap.FlowGenerator    FlagFIN current has 102 flow
2024-05-30 21:04:18 DEBUG cic.cs.unb.ca.jnetpcap.FlowGenerator    FlagFIN current has 112 flow
2024-05-30 21:04:18 DEBUG cic.cs.unb.ca.jnetpcap.FlowGenerator    FlagFIN current has 112 flow
2024-05-30 21:04:18 DEBUG cic.cs.unb.ca.jnetpcap.FlowGenerator    FlagFIN current has 112 flow
2024-05-30 21:04:18 DEBUG cic.cs.unb.ca.jnetpcap.FlowGenerator    FlagFIN current has 112 flow
2024-05-30 21:04:24 DEBUG cic.cs.unb.ca.jnetpcap.FlowGenerator    FlagFIN current has 119 flow
2024-05-30 21:04:26 DEBUG cic.cs.unb.ca.jnetpcap.FlowGenerator    FlagFIN current has 120 flow
2024-05-30 21:04:32 DEBUG cic.cs.unb.ca.jnetpcap.FlowGenerator    FlagFIN current has 122 flow
2024-05-30 21:04:32 DEBUG cic.cs.unb.ca.jnetpcap.FlowGenerator    FlagFIN current has 122 flow
2024-05-30 21:04:34 DEBUG cic.cs.unb.ca.jnetpcap.FlowGenerator    FlagFIN current has 121 flow
2024-05-30 21:04:34 DEBUG cic.cs.unb.ca.jnetpcap.FlowGenerator    FlagFIN current has 121 flow
2024-05-30 21:04:38 INFO  cic.cs.unb.ca.flow.ui.FlowMonitorPane    Pcap stop listening
2024-05-30 21:04:38 INFO  cic.cs.unb.ca.flow.ui.FlowMonitorPane    path:C:\Users\DELL\Desktop\Last Hope\IE105-FinalProject\CICFlowmeter\bin\data\daily\2024-05-30_Flow.csv
2024-05-30 21:04:38 DEBUG cic.cs.unb.ca.jnetpcap.worker.TrafficFlowWorker    break Packet loop
2024-05-30 21:06:39 INFO  cic.cs.unb.ca.jnetpcap.worker.TrafficFlowWorker    Pcap is listening...
2024-05-30 21:06:42 DEBUG cic.cs.unb.ca.jnetpcap.FlowGenerator    FlagFIN current has 6 flow
2024-05-30 21:06:42 DEBUG cic.cs.unb.ca.jnetpcap.FlowGenerator    FlagFIN current has 6 flow
2024-05-30 21:06:43 DEBUG cic.cs.unb.ca.jnetpcap.FlowGenerator    FlagFIN current has 7 flow
2024-05-30 21:07:14 DEBUG cic.cs.unb.ca.jnetpcap.FlowGenerator    FlagFIN current has 22 flow
2024-05-30 21:07:15 DEBUG cic.cs.unb.ca.jnetpcap.FlowGenerator    FlagFIN current has 22 flow
2024-05-30 21:07:15 DEBUG cic.cs.unb.ca.jnetpcap.FlowGenerator    FlagFIN current has 22 flow
2024-05-30 21:07:26 DEBUG cic.cs.unb.ca.jnetpcap.FlowGenerator    FlagFIN current has 34 flow
2024-05-30 21:07:51 DEBUG cic.cs.unb.ca.jnetpcap.FlowGenerator    FlagFIN current has 34 flow
2024-05-30 21:07:53 DEBUG cic.cs.unb.ca.jnetpcap.FlowGenerator    FlagFIN current has 35 flow
2024-05-30 21:08:21 INFO  cic.cs.unb.ca.flow.ui.FlowMonitorPane    Pcap stop listening
2024-05-30 21:08:21 INFO  cic.cs.unb.ca.flow.ui.FlowMonitorPane    path:C:\Users\DELL\Desktop\Last Hope\IE105-FinalProject\CICFlowmeter\bin\data\daily\2024-05-30_Flow.csv
2024-05-30 21:08:22 DEBUG cic.cs.unb.ca.jnetpcap.worker.TrafficFlowWorker    break Packet loop
2024-05-30 21:08:46 INFO  cic.cs.unb.ca.jnetpcap.worker.TrafficFlowWorker    Pcap is listening...
2024-05-30 21:09:20 DEBUG cic.cs.unb.ca.jnetpcap.FlowGenerator    FlagFIN current has 17 flow
2024-05-30 21:09:20 DEBUG cic.cs.unb.ca.jnetpcap.FlowGenerator    FlagFIN current has 17 flow
2024-05-30 21:09:48 DEBUG cic.cs.unb.ca.jnetpcap.FlowGenerator    FlagFIN current has 31 flow
2024-05-30 21:09:48 DEBUG cic.cs.unb.ca.jnetpcap.FlowGenerator    FlagFIN current has 31 flow
2024-05-30 21:09:48 DEBUG cic.cs.unb.ca.jnetpcap.FlowGenerator    FlagFIN current has 31 flow
2024-05-30 21:09:48 DEBUG cic.cs.unb.ca.jnetpcap.FlowGenerator    FlagFIN current has 31 flow
2024-05-30 21:09:48 DEBUG cic.cs.unb.ca.jnetpcap.FlowGenerator    FlagFIN current has 32 flow
2024-05-30 21:09:48 DEBUG cic.cs.unb.ca.jnetpcap.FlowGenerator    FlagFIN current has 32 flow
2024-05-30 21:09:51 DEBUG cic.cs.unb.ca.jnetpcap.FlowGenerator    FlagFIN current has 34 flow
2024-05-30 21:09:51 DEBUG cic.cs.unb.ca.jnetpcap.FlowGenerator    FlagFIN current has 34 flow
2024-05-30 21:10:14 DEBUG cic.cs.unb.ca.jnetpcap.FlowGenerator    FlagFIN current has 35 flow
2024-05-30 21:10:30 DEBUG cic.cs.unb.ca.jnetpcap.FlowGenerator    FlagFIN current has 42 flow
2024-05-30 21:10:30 DEBUG cic.cs.unb.ca.jnetpcap.FlowGenerator    FlagFIN current has 42 flow
2024-05-30 21:10:34 INFO  cic.cs.unb.ca.flow.ui.FlowMonitorPane    Pcap stop listening
2024-05-30 21:10:34 INFO  cic.cs.unb.ca.flow.ui.FlowMonitorPane    path:C:\Users\DELL\Desktop\Last Hope\IE105-FinalProject\CICFlowmeter\bin\data\daily\2024-05-30_Flow.csv
2024-05-30 21:10:52 INFO  cic.cs.unb.ca.jnetpcap.worker.TrafficFlowWorker    Pcap is listening...
2024-05-30 21:11:11 DEBUG cic.cs.unb.ca.jnetpcap.FlowGenerator    FlagFIN current has 9 flow
2024-05-30 21:11:11 DEBUG cic.cs.unb.ca.jnetpcap.FlowGenerator    FlagFIN current has 9 flow
2024-05-30 21:11:11 DEBUG cic.cs.unb.ca.jnetpcap.FlowGenerator    FlagFIN current has 9 flow
2024-05-30 21:11:24 DEBUG cic.cs.unb.ca.jnetpcap.FlowGenerator    FlagFIN current has 12 flow
2024-05-30 21:11:24 DEBUG cic.cs.unb.ca.jnetpcap.FlowGenerator    FlagFIN current has 18 flow
2024-05-30 21:11:24 DEBUG cic.cs.unb.ca.jnetpcap.FlowGenerator    FlagFIN current has 18 flow
2024-05-30 21:11:24 DEBUG cic.cs.unb.ca.jnetpcap.FlowGenerator    FlagFIN current has 18 flow
2024-05-30 21:11:24 DEBUG cic.cs.unb.ca.jnetpcap.FlowGenerator    FlagFIN current has 18 flow
2024-05-30 21:12:02 INFO  cic.cs.unb.ca.flow.ui.FlowMonitorPane    Pcap stop listening
2024-05-30 21:12:02 INFO  cic.cs.unb.ca.flow.ui.FlowMonitorPane    path:C:\Users\DELL\Desktop\Last Hope\IE105-FinalProject\CICFlowmeter\bin\data\daily\2024-05-30_Flow.csv
2024-05-30 21:12:02 DEBUG cic.cs.unb.ca.jnetpcap.worker.TrafficFlowWorker    break Packet loop
2024-05-30 21:14:15 INFO  cic.cs.unb.ca.jnetpcap.worker.TrafficFlowWorker    Pcap is listening...
2024-05-30 21:14:51 DEBUG cic.cs.unb.ca.jnetpcap.FlowGenerator    FlagFIN current has 18 flow
2024-05-30 21:14:51 DEBUG cic.cs.unb.ca.jnetpcap.FlowGenerator    FlagFIN current has 18 flow
2024-05-30 21:14:51 DEBUG cic.cs.unb.ca.jnetpcap.FlowGenerator    FlagFIN current has 21 flow
2024-05-30 21:14:51 DEBUG cic.cs.unb.ca.jnetpcap.FlowGenerator    FlagFIN current has 21 flow
2024-05-30 21:14:51 DEBUG cic.cs.unb.ca.jnetpcap.FlowGenerator    FlagFIN current has 21 flow
2024-05-30 21:14:52 DEBUG cic.cs.unb.ca.jnetpcap.FlowGenerator    FlagFIN current has 22 flow
2024-05-30 21:14:52 DEBUG cic.cs.unb.ca.jnetpcap.FlowGenerator    FlagFIN current has 22 flow
2024-05-30 21:15:03 DEBUG cic.cs.unb.ca.jnetpcap.FlowGenerator    FlagFIN current has 22 flow
2024-05-30 21:15:03 DEBUG cic.cs.unb.ca.jnetpcap.FlowGenerator    FlagFIN current has 22 flow
2024-05-30 21:15:03 DEBUG cic.cs.unb.ca.jnetpcap.FlowGenerator    FlagFIN current has 23 flow
2024-05-30 21:15:03 DEBUG cic.cs.unb.ca.jnetpcap.FlowGenerator    FlagFIN current has 23 flow
2024-05-30 21:15:03 DEBUG cic.cs.unb.ca.jnetpcap.FlowGenerator    FlagFIN current has 23 flow
2024-05-30 21:15:03 DEBUG cic.cs.unb.ca.jnetpcap.FlowGenerator    FlagFIN current has 23 flow
2024-05-30 21:15:23 DEBUG cic.cs.unb.ca.jnetpcap.FlowGenerator    FlagFIN current has 27 flow
2024-05-30 21:15:23 DEBUG cic.cs.unb.ca.jnetpcap.FlowGenerator    FlagFIN current has 27 flow
2024-05-30 21:15:23 DEBUG cic.cs.unb.ca.jnetpcap.FlowGenerator    FlagFIN current has 27 flow
2024-05-30 21:15:23 DEBUG cic.cs.unb.ca.jnetpcap.FlowGenerator    FlagFIN current has 27 flow
2024-05-30 21:15:58 DEBUG cic.cs.unb.ca.jnetpcap.FlowGenerator    FlagFIN current has 32 flow
2024-05-30 21:15:58 DEBUG cic.cs.unb.ca.jnetpcap.FlowGenerator    FlagFIN current has 31 flow
2024-05-30 21:15:58 DEBUG cic.cs.unb.ca.jnetpcap.FlowGenerator    FlagFIN current has 32 flow
2024-05-30 21:15:58 DEBUG cic.cs.unb.ca.jnetpcap.FlowGenerator    FlagFIN current has 33 flow
2024-05-30 21:16:08 DEBUG cic.cs.unb.ca.jnetpcap.FlowGenerator    FlagFIN current has 36 flow
2024-05-30 21:16:08 DEBUG cic.cs.unb.ca.jnetpcap.FlowGenerator    FlagFIN current has 36 flow
2024-05-30 21:16:08 DEBUG cic.cs.unb.ca.jnetpcap.FlowGenerator    FlagFIN current has 36 flow
2024-05-30 21:16:08 DEBUG cic.cs.unb.ca.jnetpcap.FlowGenerator    FlagFIN current has 36 flow
2024-05-30 21:16:16 DEBUG cic.cs.unb.ca.jnetpcap.FlowGenerator    FlagFIN current has 36 flow
2024-05-30 21:16:16 DEBUG cic.cs.unb.ca.jnetpcap.FlowGenerator    FlagFIN current has 36 flow
2024-05-30 21:16:55 DEBUG cic.cs.unb.ca.jnetpcap.FlowGenerator    FlagFIN current has 40 flow
2024-05-30 21:16:55 DEBUG cic.cs.unb.ca.jnetpcap.FlowGenerator    FlagFIN current has 40 flow
2024-05-30 21:16:55 DEBUG cic.cs.unb.ca.jnetpcap.FlowGenerator    FlagFIN current has 41 flow
2024-05-30 21:18:11 DEBUG cic.cs.unb.ca.jnetpcap.FlowGenerator    FlagFIN current has 52 flow
2024-05-30 21:18:23 DEBUG cic.cs.unb.ca.jnetpcap.FlowGenerator    FlagFIN current has 53 flow
2024-05-30 21:18:23 DEBUG cic.cs.unb.ca.jnetpcap.FlowGenerator    FlagFIN current has 53 flow
2024-05-30 21:18:36 INFO  cic.cs.unb.ca.flow.ui.FlowMonitorPane    Pcap stop listening
2024-05-30 21:18:36 INFO  cic.cs.unb.ca.flow.ui.FlowMonitorPane    path:C:\Users\DELL\Desktop\Last Hope\IE105-FinalProject\CICFlowmeter\bin\data\daily\2024-05-30_Flow.csv
2024-05-30 21:41:20 DEBUG cic.cs.unb.ca.flow.ui.FlowOfflinePane    offline select input C:\Users\DELL\Desktop\Last Hope\IE105-FinalProject\CICFlowmeter\bin\ddos_pcap\amp.UDP.memcached.ntp.cldap.pcap
2024-05-30 21:41:30 DEBUG cic.cs.unb.ca.jnetpcap.worker.ReadPcapFileWorker    Working on... C:\Users\DELL\Desktop\Last Hope\IE105-FinalProject\CICFlowmeter\bin\ddos_pcap\amp.UDP.memcached.ntp.cldap.pcap
2024-05-30 21:41:30 DEBUG cic.cs.unb.ca.jnetpcap.PacketReader    Read All packets on C:\Users\DELL\Desktop\Last Hope\IE105-FinalProject\CICFlowmeter\bin\ddos_pcap\amp.UDP.memcached.ntp.cldap.pcap
2024-05-30 21:41:30 DEBUG cic.cs.unb.ca.jnetpcap.FlowGenerator    Access is denied
2024-05-30 21:41:30 DEBUG cic.cs.unb.ca.jnetpcap.Utils    \amp.UDP.memcached.ntp.cldap.pcap_Flow.csv (The system cannot find the file specified)
2024-05-30 21:43:12 DEBUG cic.cs.unb.ca.flow.ui.FlowOfflinePane    offline select input C:\Users\DELL\Desktop\Last Hope\IE105-FinalProject\CICFlowmeter\bin\ddos_pcap\amp.UDP.snmp.src161.pcapng
2024-05-30 21:43:42 DEBUG cic.cs.unb.ca.flow.ui.FlowOfflinePane    offline select output C:\Users\DELL\Desktop\Last Hope\IE105-FinalProject\CICFlowmeter\bin\ddos_pcap
2024-05-30 21:46:41 DEBUG cic.cs.unb.ca.flow.ui.FlowOfflinePane    offline select output C:\Users\DELL\Desktop\Last Hope\IE105-FinalProject\CICFlowmeter\bin\data\daily
2024-05-30 21:46:42 DEBUG cic.cs.unb.ca.jnetpcap.worker.ReadPcapFileWorker    Working on... C:\Users\DELL\Desktop\Last Hope\IE105-FinalProject\CICFlowmeter\bin\ddos_pcap\amp.UDP.memcached.ntp.cldap.pcap
2024-05-30 21:46:43 DEBUG cic.cs.unb.ca.jnetpcap.PacketReader    Read All packets on C:\Users\DELL\Desktop\Last Hope\IE105-FinalProject\CICFlowmeter\bin\ddos_pcap\amp.UDP.memcached.ntp.cldap.pcap
2024-05-30 21:57:47 INFO  cic.cs.unb.ca.jnetpcap.worker.TrafficFlowWorker    Pcap is listening...
2024-05-30 21:58:16 DEBUG cic.cs.unb.ca.jnetpcap.FlowGenerator    FlagFIN current has 14 flow
2024-05-30 21:58:16 DEBUG cic.cs.unb.ca.jnetpcap.FlowGenerator    FlagFIN current has 18 flow
2024-05-30 21:58:16 DEBUG cic.cs.unb.ca.jnetpcap.FlowGenerator    FlagFIN current has 21 flow
2024-05-30 21:58:16 DEBUG cic.cs.unb.ca.jnetpcap.FlowGenerator    FlagFIN current has 20 flow
2024-05-30 21:58:16 DEBUG cic.cs.unb.ca.jnetpcap.FlowGenerator    FlagFIN current has 19 flow
2024-05-30 21:58:16 DEBUG cic.cs.unb.ca.jnetpcap.FlowGenerator    FlagFIN current has 23 flow
2024-05-30 21:58:16 DEBUG cic.cs.unb.ca.jnetpcap.FlowGenerator    FlagFIN current has 23 flow
2024-05-30 21:58:16 DEBUG cic.cs.unb.ca.jnetpcap.FlowGenerator    FlagFIN current has 22 flow
2024-05-30 21:58:16 DEBUG cic.cs.unb.ca.jnetpcap.FlowGenerator    FlagFIN current has 24 flow
2024-05-30 21:58:16 DEBUG cic.cs.unb.ca.jnetpcap.FlowGenerator    FlagFIN current has 26 flow
2024-05-30 21:58:19 DEBUG cic.cs.unb.ca.jnetpcap.FlowGenerator    FlagFIN current has 27 flow
2024-05-30 21:58:19 DEBUG cic.cs.unb.ca.jnetpcap.FlowGenerator    FlagFIN current has 30 flow
2024-05-30 21:58:19 DEBUG cic.cs.unb.ca.jnetpcap.FlowGenerator    FlagFIN current has 33 flow
2024-05-30 21:58:19 DEBUG cic.cs.unb.ca.jnetpcap.FlowGenerator    FlagFIN current has 34 flow
2024-05-30 21:58:23 DEBUG cic.cs.unb.ca.jnetpcap.FlowGenerator    FlagFIN current has 35 flow
2024-05-30 21:58:33 DEBUG cic.cs.unb.ca.jnetpcap.FlowGenerator    FlagFIN current has 36 flow
2024-05-30 21:58:33 DEBUG cic.cs.unb.ca.jnetpcap.FlowGenerator    FlagFIN current has 35 flow
2024-05-30 21:58:33 DEBUG cic.cs.unb.ca.jnetpcap.FlowGenerator    FlagFIN current has 35 flow
2024-05-30 21:58:33 DEBUG cic.cs.unb.ca.jnetpcap.FlowGenerator    FlagFIN current has 39 flow
2024-05-30 21:58:36 DEBUG cic.cs.unb.ca.jnetpcap.FlowGenerator    FlagFIN current has 39 flow
2024-05-30 21:58:48 DEBUG cic.cs.unb.ca.jnetpcap.FlowGenerator    FlagFIN current has 45 flow
2024-05-30 21:58:48 DEBUG cic.cs.unb.ca.jnetpcap.FlowGenerator    FlagFIN current has 45 flow
2024-05-30 21:58:48 DEBUG cic.cs.unb.ca.jnetpcap.FlowGenerator    FlagFIN current has 47 flow
2024-05-30 21:58:56 DEBUG cic.cs.unb.ca.jnetpcap.FlowGenerator    FlagFIN current has 50 flow
2024-05-30 21:59:07 DEBUG cic.cs.unb.ca.jnetpcap.FlowGenerator    FlagFIN current has 50 flow
2024-05-30 21:59:21 DEBUG cic.cs.unb.ca.jnetpcap.FlowGenerator    FlagFIN current has 58 flow
2024-05-30 21:59:21 DEBUG cic.cs.unb.ca.jnetpcap.FlowGenerator    FlagFIN current has 59 flow
2024-05-30 21:59:26 DEBUG cic.cs.unb.ca.jnetpcap.FlowGenerator    FlagFIN current has 60 flow
2024-05-30 21:59:36 DEBUG cic.cs.unb.ca.jnetpcap.FlowGenerator    FlagFIN current has 64 flow
2024-05-30 21:59:36 DEBUG cic.cs.unb.ca.jnetpcap.FlowGenerator    FlagFIN current has 65 flow
2024-05-30 21:59:36 DEBUG cic.cs.unb.ca.jnetpcap.FlowGenerator    FlagFIN current has 66 flow
2024-05-30 21:59:40 DEBUG cic.cs.unb.ca.jnetpcap.FlowGenerator    FlagFIN current has 67 flow
2024-05-30 21:59:40 DEBUG cic.cs.unb.ca.jnetpcap.FlowGenerator    FlagFIN current has 67 flow
2024-05-30 21:59:40 DEBUG cic.cs.unb.ca.jnetpcap.FlowGenerator    FlagFIN current has 66 flow
2024-05-30 21:59:49 DEBUG cic.cs.unb.ca.jnetpcap.FlowGenerator    FlagFIN current has 70 flow
2024-05-30 21:59:49 DEBUG cic.cs.unb.ca.jnetpcap.FlowGenerator    FlagFIN current has 71 flow
2024-05-30 22:00:06 DEBUG cic.cs.unb.ca.jnetpcap.FlowGenerator    FlagFIN current has 76 flow
2024-05-30 22:00:08 DEBUG cic.cs.unb.ca.jnetpcap.FlowGenerator    FlagFIN current has 75 flow
2024-05-30 22:00:18 DEBUG cic.cs.unb.ca.jnetpcap.FlowGenerator    FlagFIN current has 76 flow
2024-05-30 22:00:19 DEBUG cic.cs.unb.ca.jnetpcap.FlowGenerator    FlagFIN current has 77 flow
2024-05-30 22:00:25 DEBUG cic.cs.unb.ca.jnetpcap.FlowGenerator    FlagFIN current has 83 flow
2024-05-30 22:00:26 DEBUG cic.cs.unb.ca.jnetpcap.FlowGenerator    FlagFIN current has 83 flow
2024-05-30 22:00:37 DEBUG cic.cs.unb.ca.jnetpcap.FlowGenerator    FlagFIN current has 85 flow
2024-05-30 22:00:39 DEBUG cic.cs.unb.ca.jnetpcap.FlowGenerator    FlagFIN current has 86 flow
2024-05-30 22:00:41 DEBUG cic.cs.unb.ca.jnetpcap.FlowGenerator    FlagFIN current has 101 flow
2024-05-30 22:00:50 DEBUG cic.cs.unb.ca.jnetpcap.FlowGenerator    FlagFIN current has 108 flow
2024-05-30 22:00:50 DEBUG cic.cs.unb.ca.jnetpcap.FlowGenerator    FlagFIN current has 109 flow
2024-05-30 22:00:53 DEBUG cic.cs.unb.ca.jnetpcap.FlowGenerator    FlagFIN current has 110 flow
2024-05-30 22:00:53 DEBUG cic.cs.unb.ca.jnetpcap.FlowGenerator    FlagFIN current has 109 flow
2024-05-30 22:34:57 INFO  cic.cs.unb.ca.jnetpcap.worker.TrafficFlowWorker    Pcap is listening...
2024-05-30 22:35:02 DEBUG cic.cs.unb.ca.jnetpcap.FlowGenerator    FlagFIN current has 6 flow
2024-05-30 22:35:02 DEBUG cic.cs.unb.ca.jnetpcap.FlowGenerator    FlagFIN current has 6 flow
2024-05-30 22:35:10 DEBUG cic.cs.unb.ca.jnetpcap.FlowGenerator    FlagFIN current has 14 flow
2024-05-30 22:35:10 DEBUG cic.cs.unb.ca.jnetpcap.FlowGenerator    FlagFIN current has 14 flow
2024-05-30 22:35:27 DEBUG cic.cs.unb.ca.jnetpcap.FlowGenerator    FlagFIN current has 18 flow
2024-05-30 22:35:28 DEBUG cic.cs.unb.ca.jnetpcap.FlowGenerator    FlagFIN current has 20 flow
2024-05-30 22:35:50 DEBUG cic.cs.unb.ca.jnetpcap.FlowGenerator    FlagFIN current has 49 flow
2024-05-30 22:35:53 DEBUG cic.cs.unb.ca.jnetpcap.FlowGenerator    FlagFIN current has 50 flow
2024-05-30 22:35:53 DEBUG cic.cs.unb.ca.jnetpcap.FlowGenerator    FlagFIN current has 49 flow
2024-05-30 22:35:59 DEBUG cic.cs.unb.ca.jnetpcap.FlowGenerator    FlagFIN current has 69 flow
2024-05-30 22:35:59 DEBUG cic.cs.unb.ca.jnetpcap.FlowGenerator    FlagFIN current has 69 flow
2024-05-30 22:35:59 DEBUG cic.cs.unb.ca.jnetpcap.FlowGenerator    FlagFIN current has 68 flow
2024-05-30 22:35:59 DEBUG cic.cs.unb.ca.jnetpcap.FlowGenerator    FlagFIN current has 69 flow
2024-05-30 22:36:00 DEBUG cic.cs.unb.ca.jnetpcap.FlowGenerator    FlagFIN current has 73 flow
2024-05-30 22:36:00 DEBUG cic.cs.unb.ca.jnetpcap.FlowGenerator    FlagFIN current has 73 flow
2024-05-30 22:36:01 DEBUG cic.cs.unb.ca.jnetpcap.FlowGenerator    FlagFIN current has 74 flow
2024-05-30 22:36:02 DEBUG cic.cs.unb.ca.jnetpcap.FlowGenerator    FlagFIN current has 75 flow
2024-05-30 22:36:04 DEBUG cic.cs.unb.ca.jnetpcap.FlowGenerator    FlagFIN current has 76 flow
2024-05-30 22:36:05 DEBUG cic.cs.unb.ca.jnetpcap.FlowGenerator    FlagFIN current has 76 flow
2024-05-30 22:36:06 DEBUG cic.cs.unb.ca.jnetpcap.FlowGenerator    FlagFIN current has 76 flow
2024-05-30 22:36:06 DEBUG cic.cs.unb.ca.jnetpcap.FlowGenerator    FlagFIN current has 76 flow
2024-05-30 22:36:06 DEBUG cic.cs.unb.ca.jnetpcap.FlowGenerator    FlagFIN current has 76 flow
2024-05-30 22:36:07 DEBUG cic.cs.unb.ca.jnetpcap.FlowGenerator    FlagFIN current has 77 flow
2024-05-30 22:36:11 DEBUG cic.cs.unb.ca.jnetpcap.FlowGenerator    FlagFIN current has 79 flow
2024-05-30 22:36:11 DEBUG cic.cs.unb.ca.jnetpcap.FlowGenerator    FlagFIN current has 79 flow
2024-05-30 22:36:12 DEBUG cic.cs.unb.ca.jnetpcap.FlowGenerator    FlagFIN current has 81 flow
2024-05-30 22:36:13 DEBUG cic.cs.unb.ca.jnetpcap.FlowGenerator    FlagFIN current has 85 flow
2024-05-30 22:36:13 DEBUG cic.cs.unb.ca.jnetpcap.FlowGenerator    FlagFIN current has 84 flow
2024-05-30 22:36:20 DEBUG cic.cs.unb.ca.jnetpcap.FlowGenerator    FlagFIN current has 86 flow
2024-05-30 22:36:20 DEBUG cic.cs.unb.ca.jnetpcap.FlowGenerator    FlagFIN current has 85 flow
2024-05-30 22:36:20 DEBUG cic.cs.unb.ca.jnetpcap.FlowGenerator    FlagFIN current has 86 flow
2024-05-30 22:36:20 DEBUG cic.cs.unb.ca.jnetpcap.FlowGenerator    FlagFIN current has 85 flow
2024-05-30 22:36:25 DEBUG cic.cs.unb.ca.jnetpcap.FlowGenerator    FlagFIN current has 87 flow
2024-05-30 22:36:25 DEBUG cic.cs.unb.ca.jnetpcap.FlowGenerator    FlagFIN current has 86 flow
2024-05-30 22:36:29 DEBUG cic.cs.unb.ca.jnetpcap.FlowGenerator    FlagFIN current has 90 flow
2024-05-30 22:36:29 DEBUG cic.cs.unb.ca.jnetpcap.FlowGenerator    FlagFIN current has 92 flow
2024-05-30 22:36:31 DEBUG cic.cs.unb.ca.jnetpcap.FlowGenerator    FlagFIN current has 97 flow
2024-05-30 22:36:31 DEBUG cic.cs.unb.ca.jnetpcap.FlowGenerator    FlagFIN current has 96 flow
2024-05-30 22:36:38 DEBUG cic.cs.unb.ca.jnetpcap.FlowGenerator    FlagFIN current has 111 flow
2024-05-30 22:36:38 DEBUG cic.cs.unb.ca.jnetpcap.FlowGenerator    FlagFIN current has 110 flow
2024-05-30 22:36:38 DEBUG cic.cs.unb.ca.jnetpcap.FlowGenerator    FlagFIN current has 110 flow
2024-05-30 22:36:39 DEBUG cic.cs.unb.ca.jnetpcap.FlowGenerator    FlagFIN current has 114 flow
2024-05-30 22:36:39 DEBUG cic.cs.unb.ca.jnetpcap.FlowGenerator    FlagFIN current has 113 flow
2024-05-30 22:36:39 DEBUG cic.cs.unb.ca.jnetpcap.FlowGenerator    FlagFIN current has 112 flow
2024-05-30 22:36:41 DEBUG cic.cs.unb.ca.jnetpcap.FlowGenerator    FlagFIN current has 114 flow
2024-05-30 22:36:41 DEBUG cic.cs.unb.ca.jnetpcap.FlowGenerator    FlagFIN current has 115 flow
2024-05-30 22:36:42 DEBUG cic.cs.unb.ca.jnetpcap.FlowGenerator    FlagFIN current has 118 flow
2024-05-30 22:36:42 DEBUG cic.cs.unb.ca.jnetpcap.FlowGenerator    FlagFIN current has 118 flow
2024-05-30 22:36:44 DEBUG cic.cs.unb.ca.jnetpcap.FlowGenerator    FlagFIN current has 126 flow
2024-05-30 22:36:44 DEBUG cic.cs.unb.ca.jnetpcap.FlowGenerator    FlagFIN current has 125 flow
2024-05-30 22:36:44 DEBUG cic.cs.unb.ca.jnetpcap.FlowGenerator    FlagFIN current has 124 flow
2024-05-30 22:36:44 DEBUG cic.cs.unb.ca.jnetpcap.FlowGenerator    FlagFIN current has 123 flow
2024-05-30 22:36:44 DEBUG cic.cs.unb.ca.jnetpcap.FlowGenerator    FlagFIN current has 123 flow
2024-05-30 22:36:44 DEBUG cic.cs.unb.ca.jnetpcap.FlowGenerator    FlagFIN current has 124 flow
2024-05-30 22:36:44 DEBUG cic.cs.unb.ca.jnetpcap.FlowGenerator    FlagFIN current has 124 flow
2024-05-30 22:36:44 DEBUG cic.cs.unb.ca.jnetpcap.FlowGenerator    FlagFIN current has 124 flow
2024-05-30 22:36:44 DEBUG cic.cs.unb.ca.jnetpcap.FlowGenerator    FlagFIN current has 123 flow
2024-05-30 22:36:44 DEBUG cic.cs.unb.ca.jnetpcap.FlowGenerator    FlagFIN current has 122 flow
2024-05-30 22:36:44 DEBUG cic.cs.unb.ca.jnetpcap.FlowGenerator    FlagFIN current has 123 flow
2024-05-30 22:36:44 DEBUG cic.cs.unb.ca.jnetpcap.FlowGenerator    FlagFIN current has 127 flow
2024-05-30 22:36:44 DEBUG cic.cs.unb.ca.jnetpcap.FlowGenerator    FlagFIN current has 127 flow
2024-05-30 22:36:44 DEBUG cic.cs.unb.ca.jnetpcap.FlowGenerator    FlagFIN current has 128 flow
2024-05-30 22:36:45 DEBUG cic.cs.unb.ca.jnetpcap.FlowGenerator    FlagFIN current has 129 flow
2024-05-30 22:36:45 DEBUG cic.cs.unb.ca.jnetpcap.FlowGenerator    FlagFIN current has 129 flow
2024-05-30 22:36:45 DEBUG cic.cs.unb.ca.jnetpcap.FlowGenerator    FlagFIN current has 130 flow
2024-05-30 22:36:45 DEBUG cic.cs.unb.ca.jnetpcap.FlowGenerator    FlagFIN current has 130 flow
2024-05-30 22:36:45 DEBUG cic.cs.unb.ca.jnetpcap.FlowGenerator    FlagFIN current has 130 flow
2024-05-30 22:36:45 DEBUG cic.cs.unb.ca.jnetpcap.FlowGenerator    FlagFIN current has 130 flow
2024-05-30 22:36:45 DEBUG cic.cs.unb.ca.jnetpcap.FlowGenerator    FlagFIN current has 130 flow
2024-05-30 22:36:45 DEBUG cic.cs.unb.ca.jnetpcap.FlowGenerator    FlagFIN current has 132 flow
2024-05-30 22:36:45 DEBUG cic.cs.unb.ca.jnetpcap.FlowGenerator    FlagFIN current has 132 flow
2024-05-30 22:36:45 DEBUG cic.cs.unb.ca.jnetpcap.FlowGenerator    FlagFIN current has 132 flow
2024-05-30 22:36:45 DEBUG cic.cs.unb.ca.jnetpcap.FlowGenerator    FlagFIN current has 132 flow
2024-05-30 22:36:45 DEBUG cic.cs.unb.ca.jnetpcap.FlowGenerator    FlagFIN current has 132 flow
2024-05-30 22:36:45 DEBUG cic.cs.unb.ca.jnetpcap.FlowGenerator    FlagFIN current has 131 flow
2024-05-30 22:36:45 DEBUG cic.cs.unb.ca.jnetpcap.FlowGenerator    FlagFIN current has 132 flow
2024-05-30 22:36:45 DEBUG cic.cs.unb.ca.jnetpcap.FlowGenerator    FlagFIN current has 133 flow
2024-05-30 22:36:45 DEBUG cic.cs.unb.ca.jnetpcap.FlowGenerator    FlagFIN current has 133 flow
2024-05-30 22:36:45 DEBUG cic.cs.unb.ca.jnetpcap.FlowGenerator    FlagFIN current has 135 flow
2024-05-30 22:36:45 DEBUG cic.cs.unb.ca.jnetpcap.FlowGenerator    FlagFIN current has 137 flow
2024-05-30 22:36:45 DEBUG cic.cs.unb.ca.jnetpcap.FlowGenerator    FlagFIN current has 138 flow
2024-05-30 22:36:46 DEBUG cic.cs.unb.ca.jnetpcap.FlowGenerator    FlagFIN current has 142 flow
2024-05-30 22:36:46 DEBUG cic.cs.unb.ca.jnetpcap.FlowGenerator    FlagFIN current has 142 flow
2024-05-30 22:36:46 DEBUG cic.cs.unb.ca.jnetpcap.FlowGenerator    FlagFIN current has 144 flow
2024-05-30 22:36:46 DEBUG cic.cs.unb.ca.jnetpcap.FlowGenerator    FlagFIN current has 144 flow
2024-05-30 22:36:46 DEBUG cic.cs.unb.ca.jnetpcap.FlowGenerator    FlagFIN current has 145 flow
2024-05-30 22:36:46 DEBUG cic.cs.unb.ca.jnetpcap.FlowGenerator    FlagFIN current has 145 flow
2024-05-30 22:36:46 DEBUG cic.cs.unb.ca.jnetpcap.FlowGenerator    FlagFIN current has 146 flow
2024-05-30 22:36:46 DEBUG cic.cs.unb.ca.jnetpcap.FlowGenerator    FlagFIN current has 146 flow
2024-05-30 22:36:46 DEBUG cic.cs.unb.ca.jnetpcap.FlowGenerator    FlagFIN current has 147 flow
2024-05-30 22:36:46 DEBUG cic.cs.unb.ca.jnetpcap.FlowGenerator    FlagFIN current has 147 flow
2024-05-30 22:36:46 DEBUG cic.cs.unb.ca.jnetpcap.FlowGenerator    FlagFIN current has 147 flow
2024-05-30 22:36:47 DEBUG cic.cs.unb.ca.jnetpcap.FlowGenerator    FlagFIN current has 149 flow
2024-05-30 22:36:47 DEBUG cic.cs.unb.ca.jnetpcap.FlowGenerator    FlagFIN current has 150 flow
2024-05-30 22:36:47 DEBUG cic.cs.unb.ca.jnetpcap.FlowGenerator    FlagFIN current has 150 flow
2024-05-30 22:36:47 DEBUG cic.cs.unb.ca.jnetpcap.FlowGenerator    FlagFIN current has 151 flow
2024-05-30 22:36:47 DEBUG cic.cs.unb.ca.jnetpcap.FlowGenerator    FlagFIN current has 151 flow
2024-05-30 22:36:47 DEBUG cic.cs.unb.ca.jnetpcap.FlowGenerator    FlagFIN current has 152 flow
2024-05-30 22:36:47 DEBUG cic.cs.unb.ca.jnetpcap.FlowGenerator    FlagFIN current has 152 flow
2024-05-30 22:36:47 DEBUG cic.cs.unb.ca.jnetpcap.FlowGenerator    FlagFIN current has 152 flow
2024-05-30 22:36:47 DEBUG cic.cs.unb.ca.jnetpcap.FlowGenerator    FlagFIN current has 154 flow
2024-05-30 22:36:47 DEBUG cic.cs.unb.ca.jnetpcap.FlowGenerator    FlagFIN current has 154 flow
2024-05-30 22:36:47 DEBUG cic.cs.unb.ca.jnetpcap.FlowGenerator    FlagFIN current has 154 flow
2024-05-30 22:36:47 DEBUG cic.cs.unb.ca.jnetpcap.FlowGenerator    FlagFIN current has 156 flow
2024-05-30 22:36:48 DEBUG cic.cs.unb.ca.jnetpcap.FlowGenerator    FlagFIN current has 156 flow
2024-05-30 22:36:48 DEBUG cic.cs.unb.ca.jnetpcap.FlowGenerator    FlagFIN current has 156 flow
2024-05-30 22:36:48 DEBUG cic.cs.unb.ca.jnetpcap.FlowGenerator    FlagFIN current has 157 flow
2024-05-30 22:36:48 DEBUG cic.cs.unb.ca.jnetpcap.FlowGenerator    FlagFIN current has 158 flow
2024-05-30 22:36:48 DEBUG cic.cs.unb.ca.jnetpcap.FlowGenerator    FlagFIN current has 158 flow
2024-05-30 22:36:48 DEBUG cic.cs.unb.ca.jnetpcap.FlowGenerator    FlagFIN current has 160 flow
2024-05-30 22:36:48 DEBUG cic.cs.unb.ca.jnetpcap.FlowGenerator    FlagFIN current has 160 flow
2024-05-30 22:36:48 DEBUG cic.cs.unb.ca.jnetpcap.FlowGenerator    FlagFIN current has 160 flow
2024-05-30 22:36:48 DEBUG cic.cs.unb.ca.jnetpcap.FlowGenerator    FlagFIN current has 160 flow
2024-05-30 22:36:48 DEBUG cic.cs.unb.ca.jnetpcap.FlowGenerator    FlagFIN current has 160 flow
2024-05-30 22:36:48 DEBUG cic.cs.unb.ca.jnetpcap.FlowGenerator    FlagFIN current has 160 flow
2024-05-30 22:36:49 DEBUG cic.cs.unb.ca.jnetpcap.FlowGenerator    FlagFIN current has 163 flow
2024-05-30 22:36:49 DEBUG cic.cs.unb.ca.jnetpcap.FlowGenerator    FlagFIN current has 164 flow
2024-05-30 22:36:49 DEBUG cic.cs.unb.ca.jnetpcap.FlowGenerator    FlagFIN current has 164 flow
2024-05-30 22:36:49 DEBUG cic.cs.unb.ca.jnetpcap.FlowGenerator    FlagFIN current has 165 flow
2024-05-30 22:36:49 DEBUG cic.cs.unb.ca.jnetpcap.FlowGenerator    FlagFIN current has 166 flow
2024-05-30 22:36:49 DEBUG cic.cs.unb.ca.jnetpcap.FlowGenerator    FlagFIN current has 167 flow
2024-05-30 22:36:49 DEBUG cic.cs.unb.ca.jnetpcap.FlowGenerator    FlagFIN current has 167 flow
2024-05-30 22:36:49 DEBUG cic.cs.unb.ca.jnetpcap.FlowGenerator    FlagFIN current has 167 flow
2024-05-30 22:36:49 DEBUG cic.cs.unb.ca.jnetpcap.FlowGenerator    FlagFIN current has 167 flow
2024-05-30 22:36:49 DEBUG cic.cs.unb.ca.jnetpcap.FlowGenerator    FlagFIN current has 167 flow
2024-05-30 22:36:49 DEBUG cic.cs.unb.ca.jnetpcap.FlowGenerator    FlagFIN current has 171 flow
2024-05-30 22:36:49 DEBUG cic.cs.unb.ca.jnetpcap.FlowGenerator    FlagFIN current has 171 flow
2024-05-30 22:36:49 DEBUG cic.cs.unb.ca.jnetpcap.FlowGenerator    FlagFIN current has 172 flow
2024-05-30 22:36:49 DEBUG cic.cs.unb.ca.jnetpcap.FlowGenerator    FlagFIN current has 172 flow
2024-05-30 22:36:49 DEBUG cic.cs.unb.ca.jnetpcap.FlowGenerator    FlagFIN current has 172 flow
2024-05-30 22:36:49 DEBUG cic.cs.unb.ca.jnetpcap.FlowGenerator    FlagFIN current has 172 flow
2024-05-30 22:36:49 DEBUG cic.cs.unb.ca.jnetpcap.FlowGenerator    FlagFIN current has 172 flow
2024-05-30 22:36:49 DEBUG cic.cs.unb.ca.jnetpcap.FlowGenerator    FlagFIN current has 172 flow
2024-05-30 22:36:50 DEBUG cic.cs.unb.ca.jnetpcap.FlowGenerator    FlagFIN current has 173 flow
2024-05-30 22:36:50 DEBUG cic.cs.unb.ca.jnetpcap.FlowGenerator    FlagFIN current has 173 flow
2024-05-30 22:36:50 DEBUG cic.cs.unb.ca.jnetpcap.FlowGenerator    FlagFIN current has 173 flow
2024-05-30 22:36:50 DEBUG cic.cs.unb.ca.jnetpcap.FlowGenerator    FlagFIN current has 174 flow
2024-05-30 22:36:50 DEBUG cic.cs.unb.ca.jnetpcap.FlowGenerator    FlagFIN current has 175 flow
2024-05-30 22:36:50 DEBUG cic.cs.unb.ca.jnetpcap.FlowGenerator    FlagFIN current has 175 flow
2024-05-30 22:36:50 DEBUG cic.cs.unb.ca.jnetpcap.FlowGenerator    FlagFIN current has 176 flow
2024-05-30 22:36:50 DEBUG cic.cs.unb.ca.jnetpcap.FlowGenerator    FlagFIN current has 176 flow
2024-05-30 22:36:50 DEBUG cic.cs.unb.ca.jnetpcap.FlowGenerator    FlagFIN current has 177 flow
2024-05-30 22:36:50 DEBUG cic.cs.unb.ca.jnetpcap.FlowGenerator    FlagFIN current has 178 flow
2024-05-30 22:36:50 DEBUG cic.cs.unb.ca.jnetpcap.FlowGenerator    FlagFIN current has 179 flow
2024-05-30 22:36:50 DEBUG cic.cs.unb.ca.jnetpcap.FlowGenerator    FlagFIN current has 178 flow
2024-05-30 22:36:50 DEBUG cic.cs.unb.ca.jnetpcap.FlowGenerator    FlagFIN current has 179 flow
2024-05-30 22:36:50 DEBUG cic.cs.unb.ca.jnetpcap.FlowGenerator    FlagFIN current has 181 flow
2024-05-30 22:36:50 DEBUG cic.cs.unb.ca.jnetpcap.FlowGenerator    FlagFIN current has 181 flow
2024-05-30 22:36:51 DEBUG cic.cs.unb.ca.jnetpcap.FlowGenerator    FlagFIN current has 181 flow
2024-05-30 22:36:51 DEBUG cic.cs.unb.ca.jnetpcap.FlowGenerator    FlagFIN current has 182 flow
2024-05-30 22:36:51 DEBUG cic.cs.unb.ca.jnetpcap.FlowGenerator    FlagFIN current has 182 flow
2024-05-30 22:36:51 DEBUG cic.cs.unb.ca.jnetpcap.FlowGenerator    FlagFIN current has 182 flow
2024-05-30 22:36:51 DEBUG cic.cs.unb.ca.jnetpcap.FlowGenerator    FlagFIN current has 182 flow
2024-05-30 22:36:51 DEBUG cic.cs.unb.ca.jnetpcap.FlowGenerator    FlagFIN current has 184 flow
2024-05-30 22:36:51 DEBUG cic.cs.unb.ca.jnetpcap.FlowGenerator    FlagFIN current has 183 flow
2024-05-30 22:36:51 DEBUG cic.cs.unb.ca.jnetpcap.FlowGenerator    FlagFIN current has 184 flow
2024-05-30 22:36:51 DEBUG cic.cs.unb.ca.jnetpcap.FlowGenerator    FlagFIN current has 184 flow
2024-05-30 22:36:51 DEBUG cic.cs.unb.ca.jnetpcap.FlowGenerator    FlagFIN current has 184 flow
2024-05-30 22:36:51 DEBUG cic.cs.unb.ca.jnetpcap.FlowGenerator    FlagFIN current has 185 flow
2024-05-30 22:36:51 DEBUG cic.cs.unb.ca.jnetpcap.FlowGenerator    FlagFIN current has 185 flow
2024-05-30 22:36:54 DEBUG cic.cs.unb.ca.jnetpcap.FlowGenerator    FlagFIN current has 187 flow
2024-05-30 22:36:54 DEBUG cic.cs.unb.ca.jnetpcap.FlowGenerator    FlagFIN current has 187 flow
2024-05-30 22:36:56 DEBUG cic.cs.unb.ca.jnetpcap.FlowGenerator    FlagFIN current has 187 flow
2024-05-30 22:36:59 DEBUG cic.cs.unb.ca.jnetpcap.FlowGenerator    FlagFIN current has 188 flow
2024-05-30 22:37:00 DEBUG cic.cs.unb.ca.jnetpcap.FlowGenerator    FlagFIN current has 189 flow
2024-05-30 22:37:00 DEBUG cic.cs.unb.ca.jnetpcap.FlowGenerator    FlagFIN current has 191 flow
2024-05-30 22:37:00 DEBUG cic.cs.unb.ca.jnetpcap.FlowGenerator    FlagFIN current has 191 flow
2024-05-30 22:37:00 DEBUG cic.cs.unb.ca.jnetpcap.FlowGenerator    FlagFIN current has 192 flow
2024-05-30 22:37:00 DEBUG cic.cs.unb.ca.jnetpcap.FlowGenerator    FlagFIN current has 192 flow
2024-05-30 22:37:00 DEBUG cic.cs.unb.ca.jnetpcap.FlowGenerator    FlagFIN current has 192 flow
2024-05-30 22:37:01 DEBUG cic.cs.unb.ca.jnetpcap.FlowGenerator    FlagFIN current has 192 flow
2024-05-30 22:37:02 DEBUG cic.cs.unb.ca.jnetpcap.FlowGenerator    FlagFIN current has 192 flow
2024-05-30 22:37:04 DEBUG cic.cs.unb.ca.jnetpcap.FlowGenerator    FlagFIN current has 195 flow
2024-05-30 22:37:08 DEBUG cic.cs.unb.ca.jnetpcap.FlowGenerator    FlagFIN current has 201 flow
2024-05-30 22:37:10 DEBUG cic.cs.unb.ca.jnetpcap.FlowGenerator    FlagFIN current has 201 flow
2024-05-30 22:37:13 DEBUG cic.cs.unb.ca.jnetpcap.FlowGenerator    FlagFIN current has 204 flow
2024-05-30 22:37:13 DEBUG cic.cs.unb.ca.jnetpcap.FlowGenerator    FlagFIN current has 204 flow
2024-05-30 22:37:13 DEBUG cic.cs.unb.ca.jnetpcap.FlowGenerator    FlagFIN current has 203 flow
2024-05-30 22:37:13 DEBUG cic.cs.unb.ca.jnetpcap.FlowGenerator    FlagFIN current has 203 flow
2024-05-30 22:37:13 DEBUG cic.cs.unb.ca.jnetpcap.FlowGenerator    FlagFIN current has 205 flow
2024-05-30 22:37:13 DEBUG cic.cs.unb.ca.jnetpcap.FlowGenerator    FlagFIN current has 205 flow
2024-05-30 22:37:14 DEBUG cic.cs.unb.ca.jnetpcap.FlowGenerator    FlagFIN current has 205 flow
2024-05-30 22:37:14 DEBUG cic.cs.unb.ca.jnetpcap.FlowGenerator    FlagFIN current has 205 flow
2024-05-30 22:37:25 DEBUG cic.cs.unb.ca.jnetpcap.FlowGenerator    FlagFIN current has 205 flow
2024-05-30 22:37:25 DEBUG cic.cs.unb.ca.jnetpcap.FlowGenerator    FlagFIN current has 205 flow
2024-05-30 22:37:27 DEBUG cic.cs.unb.ca.jnetpcap.FlowGenerator    FlagFIN current has 207 flow
2024-05-30 22:37:27 DEBUG cic.cs.unb.ca.jnetpcap.FlowGenerator    FlagFIN current has 207 flow
2024-05-30 22:37:28 DEBUG cic.cs.unb.ca.jnetpcap.FlowGenerator    FlagFIN current has 207 flow
2024-05-30 22:37:28 DEBUG cic.cs.unb.ca.jnetpcap.FlowGenerator    FlagFIN current has 207 flow
2024-05-30 22:37:30 DEBUG cic.cs.unb.ca.jnetpcap.FlowGenerator    FlagFIN current has 209 flow
2024-05-30 22:37:31 DEBUG cic.cs.unb.ca.jnetpcap.FlowGenerator    FlagFIN current has 210 flow
2024-05-30 22:37:32 DEBUG cic.cs.unb.ca.jnetpcap.FlowGenerator    FlagFIN current has 211 flow
2024-05-30 22:37:32 DEBUG cic.cs.unb.ca.jnetpcap.FlowGenerator    FlagFIN current has 211 flow
2024-05-30 22:37:34 DEBUG cic.cs.unb.ca.jnetpcap.FlowGenerator    FlagFIN current has 211 flow
2024-05-30 22:37:34 DEBUG cic.cs.unb.ca.jnetpcap.FlowGenerator    FlagFIN current has 211 flow
2024-05-30 22:37:35 DEBUG cic.cs.unb.ca.jnetpcap.FlowGenerator    FlagFIN current has 211 flow
2024-05-30 22:37:35 DEBUG cic.cs.unb.ca.jnetpcap.FlowGenerator    FlagFIN current has 211 flow
2024-05-30 22:37:37 DEBUG cic.cs.unb.ca.jnetpcap.FlowGenerator    FlagFIN current has 212 flow
2024-05-30 22:37:37 DEBUG cic.cs.unb.ca.jnetpcap.FlowGenerator    FlagFIN current has 212 flow
2024-05-30 22:37:39 DEBUG cic.cs.unb.ca.jnetpcap.FlowGenerator    FlagFIN current has 212 flow
2024-05-30 22:37:41 DEBUG cic.cs.unb.ca.jnetpcap.FlowGenerator    FlagFIN current has 212 flow
2024-05-30 22:37:41 DEBUG cic.cs.unb.ca.jnetpcap.FlowGenerator    FlagFIN current has 212 flow
2024-05-30 22:37:49 DEBUG cic.cs.unb.ca.jnetpcap.FlowGenerator    FlagFIN current has 214 flow
2024-05-30 22:37:49 DEBUG cic.cs.unb.ca.jnetpcap.FlowGenerator    FlagFIN current has 214 flow
2024-05-30 22:37:49 DEBUG cic.cs.unb.ca.jnetpcap.FlowGenerator    FlagFIN current has 215 flow
2024-05-30 22:37:50 DEBUG cic.cs.unb.ca.jnetpcap.FlowGenerator    FlagFIN current has 215 flow
2024-05-30 22:37:51 DEBUG cic.cs.unb.ca.jnetpcap.FlowGenerator    FlagFIN current has 215 flow
2024-05-30 22:37:52 DEBUG cic.cs.unb.ca.jnetpcap.FlowGenerator    FlagFIN current has 216 flow
2024-05-30 22:37:52 DEBUG cic.cs.unb.ca.jnetpcap.FlowGenerator    FlagFIN current has 216 flow
2024-05-30 22:37:52 DEBUG cic.cs.unb.ca.jnetpcap.FlowGenerator    FlagFIN current has 217 flow
2024-05-30 22:37:52 DEBUG cic.cs.unb.ca.jnetpcap.FlowGenerator    FlagFIN current has 217 flow
2024-05-30 22:37:52 DEBUG cic.cs.unb.ca.jnetpcap.FlowGenerator    FlagFIN current has 217 flow
2024-05-30 22:37:52 DEBUG cic.cs.unb.ca.jnetpcap.FlowGenerator    FlagFIN current has 217 flow
2024-05-30 22:37:52 DEBUG cic.cs.unb.ca.jnetpcap.FlowGenerator    FlagFIN current has 217 flow
2024-05-30 22:37:52 DEBUG cic.cs.unb.ca.jnetpcap.FlowGenerator    FlagFIN current has 217 flow
2024-05-30 22:37:52 DEBUG cic.cs.unb.ca.jnetpcap.FlowGenerator    FlagFIN current has 217 flow
2024-05-30 22:37:53 DEBUG cic.cs.unb.ca.jnetpcap.FlowGenerator    FlagFIN current has 217 flow
2024-05-30 22:37:54 DEBUG cic.cs.unb.ca.jnetpcap.FlowGenerator    FlagFIN current has 217 flow
2024-05-30 22:38:01 DEBUG cic.cs.unb.ca.jnetpcap.FlowGenerator    FlagFIN current has 219 flow
2024-05-30 22:38:01 DEBUG cic.cs.unb.ca.jnetpcap.FlowGenerator    FlagFIN current has 220 flow
2024-05-30 22:38:01 DEBUG cic.cs.unb.ca.jnetpcap.FlowGenerator    FlagFIN current has 220 flow
2024-05-30 22:38:01 DEBUG cic.cs.unb.ca.jnetpcap.FlowGenerator    FlagFIN current has 220 flow
2024-05-30 22:38:02 DEBUG cic.cs.unb.ca.jnetpcap.FlowGenerator    FlagFIN current has 221 flow
2024-05-30 22:38:02 DEBUG cic.cs.unb.ca.jnetpcap.FlowGenerator    FlagFIN current has 221 flow
2024-05-30 22:38:05 DEBUG cic.cs.unb.ca.jnetpcap.FlowGenerator    FlagFIN current has 221 flow
2024-05-30 22:38:05 DEBUG cic.cs.unb.ca.jnetpcap.FlowGenerator    FlagFIN current has 221 flow
2024-05-30 22:38:09 DEBUG cic.cs.unb.ca.jnetpcap.FlowGenerator    FlagFIN current has 221 flow
2024-05-30 22:38:09 DEBUG cic.cs.unb.ca.jnetpcap.FlowGenerator    FlagFIN current has 221 flow
2024-05-30 22:38:14 DEBUG cic.cs.unb.ca.jnetpcap.FlowGenerator    FlagFIN current has 221 flow
2024-05-30 22:38:14 DEBUG cic.cs.unb.ca.jnetpcap.FlowGenerator    FlagFIN current has 221 flow
2024-05-30 22:38:14 DEBUG cic.cs.unb.ca.jnetpcap.FlowGenerator    FlagFIN current has 221 flow
2024-05-30 22:38:14 DEBUG cic.cs.unb.ca.jnetpcap.FlowGenerator    FlagFIN current has 221 flow
2024-05-30 22:38:14 DEBUG cic.cs.unb.ca.jnetpcap.FlowGenerator    FlagFIN current has 221 flow
2024-05-30 22:38:27 DEBUG cic.cs.unb.ca.jnetpcap.FlowGenerator    FlagFIN current has 226 flow
2024-05-30 22:38:27 DEBUG cic.cs.unb.ca.jnetpcap.FlowGenerator    FlagFIN current has 228 flow
2024-05-30 22:38:31 DEBUG cic.cs.unb.ca.jnetpcap.FlowGenerator    FlagFIN current has 230 flow
2024-05-30 22:38:31 DEBUG cic.cs.unb.ca.jnetpcap.FlowGenerator    FlagFIN current has 230 flow
2024-05-30 22:38:32 DEBUG cic.cs.unb.ca.jnetpcap.FlowGenerator    FlagFIN current has 231 flow
2024-05-30 22:38:32 DEBUG cic.cs.unb.ca.jnetpcap.FlowGenerator    FlagFIN current has 232 flow
2024-05-30 22:38:32 DEBUG cic.cs.unb.ca.jnetpcap.FlowGenerator    FlagFIN current has 232 flow
2024-05-30 22:38:34 DEBUG cic.cs.unb.ca.jnetpcap.FlowGenerator    FlagFIN current has 232 flow
2024-05-30 22:38:40 DEBUG cic.cs.unb.ca.jnetpcap.FlowGenerator    FlagFIN current has 234 flow
2024-05-30 22:39:02 DEBUG cic.cs.unb.ca.jnetpcap.FlowGenerator    FlagFIN current has 236 flow
2024-05-30 22:39:02 DEBUG cic.cs.unb.ca.jnetpcap.FlowGenerator    FlagFIN current has 236 flow
2024-05-30 22:39:02 DEBUG cic.cs.unb.ca.jnetpcap.FlowGenerator    FlagFIN current has 236 flow
2024-05-30 22:39:02 DEBUG cic.cs.unb.ca.jnetpcap.FlowGenerator    FlagFIN current has 236 flow
2024-05-30 22:39:02 DEBUG cic.cs.unb.ca.jnetpcap.FlowGenerator    FlagFIN current has 237 flow
2024-05-30 22:39:02 DEBUG cic.cs.unb.ca.jnetpcap.FlowGenerator    FlagFIN current has 238 flow
2024-05-30 22:39:15 DEBUG cic.cs.unb.ca.jnetpcap.FlowGenerator    FlagFIN current has 238 flow
2024-05-30 22:39:15 DEBUG cic.cs.unb.ca.jnetpcap.FlowGenerator    FlagFIN current has 238 flow
2024-05-30 22:39:15 DEBUG cic.cs.unb.ca.jnetpcap.FlowGenerator    FlagFIN current has 238 flow
2024-05-30 22:39:15 DEBUG cic.cs.unb.ca.jnetpcap.FlowGenerator    FlagFIN current has 238 flow
2024-05-30 22:39:32 DEBUG cic.cs.unb.ca.jnetpcap.FlowGenerator    FlagFIN current has 241 flow
2024-05-30 22:39:32 DEBUG cic.cs.unb.ca.jnetpcap.FlowGenerator    FlagFIN current has 242 flow
2024-05-30 22:39:32 DEBUG cic.cs.unb.ca.jnetpcap.FlowGenerator    FlagFIN current has 241 flow
2024-05-30 22:39:32 DEBUG cic.cs.unb.ca.jnetpcap.FlowGenerator    FlagFIN current has 240 flow
2024-05-30 22:39:32 DEBUG cic.cs.unb.ca.jnetpcap.FlowGenerator    FlagFIN current has 239 flow
2024-05-30 22:39:32 DEBUG cic.cs.unb.ca.jnetpcap.FlowGenerator    FlagFIN current has 238 flow
2024-05-30 22:39:32 DEBUG cic.cs.unb.ca.jnetpcap.FlowGenerator    FlagFIN current has 237 flow
2024-05-30 22:39:32 DEBUG cic.cs.unb.ca.jnetpcap.FlowGenerator    FlagFIN current has 236 flow
2024-05-30 22:39:32 DEBUG cic.cs.unb.ca.jnetpcap.FlowGenerator    FlagFIN current has 235 flow
2024-05-30 22:39:32 DEBUG cic.cs.unb.ca.jnetpcap.FlowGenerator    FlagFIN current has 234 flow
2024-05-30 22:39:32 DEBUG cic.cs.unb.ca.jnetpcap.FlowGenerator    FlagFIN current has 233 flow
2024-05-30 22:39:32 DEBUG cic.cs.unb.ca.jnetpcap.FlowGenerator    FlagFIN current has 232 flow
2024-05-30 22:39:32 DEBUG cic.cs.unb.ca.jnetpcap.FlowGenerator    FlagFIN current has 231 flow
2024-05-30 22:39:34 DEBUG cic.cs.unb.ca.jnetpcap.FlowGenerator    FlagFIN current has 243 flow
2024-05-30 22:39:34 DEBUG cic.cs.unb.ca.jnetpcap.FlowGenerator    FlagFIN current has 244 flow
2024-05-30 22:39:36 DEBUG cic.cs.unb.ca.jnetpcap.FlowGenerator    FlagFIN current has 245 flow
2024-05-30 22:39:36 DEBUG cic.cs.unb.ca.jnetpcap.FlowGenerator    FlagFIN current has 245 flow
2024-05-30 22:39:36 DEBUG cic.cs.unb.ca.jnetpcap.FlowGenerator    FlagFIN current has 245 flow
2024-05-30 22:39:41 DEBUG cic.cs.unb.ca.jnetpcap.FlowGenerator    FlagFIN current has 249 flow
2024-05-30 22:39:41 DEBUG cic.cs.unb.ca.jnetpcap.FlowGenerator    FlagFIN current has 249 flow
2024-05-30 22:39:41 DEBUG cic.cs.unb.ca.jnetpcap.FlowGenerator    FlagFIN current has 251 flow
2024-05-30 22:39:41 DEBUG cic.cs.unb.ca.jnetpcap.FlowGenerator    FlagFIN current has 251 flow
2024-05-30 22:39:41 DEBUG cic.cs.unb.ca.jnetpcap.FlowGenerator    FlagFIN current has 251 flow
2024-05-30 22:39:46 DEBUG cic.cs.unb.ca.jnetpcap.FlowGenerator    FlagFIN current has 252 flow
2024-05-30 22:39:46 DEBUG cic.cs.unb.ca.jnetpcap.FlowGenerator    FlagFIN current has 253 flow
2024-05-30 22:39:46 DEBUG cic.cs.unb.ca.jnetpcap.FlowGenerator    FlagFIN current has 257 flow
2024-05-30 22:39:51 INFO  cic.cs.unb.ca.flow.ui.FlowMonitorPane    Pcap stop listening
2024-05-30 22:39:51 INFO  cic.cs.unb.ca.flow.ui.FlowMonitorPane    path:C:\Users\DELL\Desktop\Last Hope\IE105-FinalProject\CICFlowmeter\bin\data\daily\2024-05-30_Flow.csv
2024-05-30 22:42:35 INFO  cic.cs.unb.ca.jnetpcap.worker.TrafficFlowWorker    Pcap is listening...
2024-05-30 22:42:46 DEBUG cic.cs.unb.ca.jnetpcap.FlowGenerator    FlagFIN current has 3 flow
2024-05-30 22:42:46 DEBUG cic.cs.unb.ca.jnetpcap.FlowGenerator    FlagFIN current has 5 flow
2024-05-30 22:42:46 DEBUG cic.cs.unb.ca.jnetpcap.FlowGenerator    FlagFIN current has 5 flow
2024-05-30 22:42:57 DEBUG cic.cs.unb.ca.jnetpcap.FlowGenerator    FlagFIN current has 17 flow
2024-05-30 22:42:57 DEBUG cic.cs.unb.ca.jnetpcap.FlowGenerator    FlagFIN current has 17 flow
2024-05-30 22:43:02 DEBUG cic.cs.unb.ca.jnetpcap.FlowGenerator    FlagFIN current has 22 flow
2024-05-30 22:43:03 DEBUG cic.cs.unb.ca.jnetpcap.FlowGenerator    FlagFIN current has 25 flow
2024-05-30 22:43:10 DEBUG cic.cs.unb.ca.jnetpcap.FlowGenerator    FlagFIN current has 26 flow
2024-05-30 22:43:10 DEBUG cic.cs.unb.ca.jnetpcap.FlowGenerator    FlagFIN current has 26 flow
2024-05-30 22:43:10 DEBUG cic.cs.unb.ca.jnetpcap.FlowGenerator    FlagFIN current has 27 flow
2024-05-30 22:43:11 DEBUG cic.cs.unb.ca.jnetpcap.FlowGenerator    FlagFIN current has 28 flow
2024-05-30 22:43:13 DEBUG cic.cs.unb.ca.jnetpcap.FlowGenerator    FlagFIN current has 28 flow
2024-05-30 22:43:13 DEBUG cic.cs.unb.ca.jnetpcap.FlowGenerator    FlagFIN current has 29 flow
2024-05-30 22:43:13 DEBUG cic.cs.unb.ca.jnetpcap.FlowGenerator    FlagFIN current has 29 flow
2024-05-30 22:43:17 DEBUG cic.cs.unb.ca.jnetpcap.FlowGenerator    FlagFIN current has 29 flow
2024-05-30 22:43:17 DEBUG cic.cs.unb.ca.jnetpcap.FlowGenerator    FlagFIN current has 29 flow
2024-05-30 22:43:17 DEBUG cic.cs.unb.ca.jnetpcap.FlowGenerator    FlagFIN current has 29 flow
2024-05-30 22:43:17 DEBUG cic.cs.unb.ca.jnetpcap.FlowGenerator    FlagFIN current has 29 flow
2024-05-30 22:43:28 DEBUG cic.cs.unb.ca.jnetpcap.FlowGenerator    FlagFIN current has 30 flow
2024-05-30 22:43:28 DEBUG cic.cs.unb.ca.jnetpcap.FlowGenerator    FlagFIN current has 30 flow
2024-05-30 22:43:28 DEBUG cic.cs.unb.ca.jnetpcap.FlowGenerator    FlagFIN current has 30 flow
2024-05-30 22:43:28 DEBUG cic.cs.unb.ca.jnetpcap.FlowGenerator    FlagFIN current has 30 flow
2024-05-30 22:43:28 DEBUG cic.cs.unb.ca.jnetpcap.FlowGenerator    FlagFIN current has 33 flow
2024-05-30 22:43:28 DEBUG cic.cs.unb.ca.jnetpcap.FlowGenerator    FlagFIN current has 34 flow
2024-05-30 22:43:28 DEBUG cic.cs.unb.ca.jnetpcap.FlowGenerator    FlagFIN current has 35 flow
2024-05-30 22:43:35 DEBUG cic.cs.unb.ca.jnetpcap.FlowGenerator    FlagFIN current has 35 flow
2024-05-30 22:43:35 DEBUG cic.cs.unb.ca.jnetpcap.FlowGenerator    FlagFIN current has 34 flow
2024-05-30 22:43:35 DEBUG cic.cs.unb.ca.jnetpcap.FlowGenerator    FlagFIN current has 33 flow
2024-05-30 22:43:35 DEBUG cic.cs.unb.ca.jnetpcap.FlowGenerator    FlagFIN current has 35 flow
2024-05-30 22:43:35 DEBUG cic.cs.unb.ca.jnetpcap.FlowGenerator    FlagFIN current has 34 flow
2024-05-30 22:43:35 DEBUG cic.cs.unb.ca.jnetpcap.FlowGenerator    FlagFIN current has 33 flow
2024-05-30 22:43:44 DEBUG cic.cs.unb.ca.jnetpcap.FlowGenerator    FlagFIN current has 37 flow
2024-05-30 22:43:44 DEBUG cic.cs.unb.ca.jnetpcap.FlowGenerator    FlagFIN current has 38 flow
2024-05-30 22:44:03 DEBUG cic.cs.unb.ca.jnetpcap.FlowGenerator    FlagFIN current has 62 flow
2024-05-30 22:44:03 DEBUG cic.cs.unb.ca.jnetpcap.FlowGenerator    FlagFIN current has 63 flow
2024-05-30 22:44:05 DEBUG cic.cs.unb.ca.jnetpcap.FlowGenerator    FlagFIN current has 67 flow
2024-05-30 22:44:07 DEBUG cic.cs.unb.ca.jnetpcap.FlowGenerator    FlagFIN current has 70 flow
2024-05-30 22:44:11 DEBUG cic.cs.unb.ca.jnetpcap.FlowGenerator    FlagFIN current has 72 flow
2024-05-30 22:44:11 DEBUG cic.cs.unb.ca.jnetpcap.FlowGenerator    FlagFIN current has 73 flow
2024-05-30 22:44:11 DEBUG cic.cs.unb.ca.jnetpcap.FlowGenerator    FlagFIN current has 73 flow
2024-05-30 22:44:11 DEBUG cic.cs.unb.ca.jnetpcap.FlowGenerator    FlagFIN current has 75 flow
2024-05-30 22:44:16 DEBUG cic.cs.unb.ca.jnetpcap.FlowGenerator    FlagFIN current has 75 flow
2024-05-30 22:44:16 DEBUG cic.cs.unb.ca.jnetpcap.FlowGenerator    FlagFIN current has 75 flow
2024-05-30 22:44:16 DEBUG cic.cs.unb.ca.jnetpcap.FlowGenerator    FlagFIN current has 75 flow
2024-05-30 22:44:17 DEBUG cic.cs.unb.ca.jnetpcap.FlowGenerator    FlagFIN current has 79 flow
2024-05-30 22:44:17 DEBUG cic.cs.unb.ca.jnetpcap.FlowGenerator    FlagFIN current has 79 flow
2024-05-30 22:44:17 DEBUG cic.cs.unb.ca.jnetpcap.FlowGenerator    FlagFIN current has 80 flow
2024-05-30 22:44:17 DEBUG cic.cs.unb.ca.jnetpcap.FlowGenerator    FlagFIN current has 79 flow
2024-05-30 22:44:17 DEBUG cic.cs.unb.ca.jnetpcap.FlowGenerator    FlagFIN current has 78 flow
2024-05-30 22:44:17 DEBUG cic.cs.unb.ca.jnetpcap.FlowGenerator    FlagFIN current has 80 flow
2024-05-30 22:44:17 DEBUG cic.cs.unb.ca.jnetpcap.FlowGenerator    FlagFIN current has 80 flow
2024-05-30 22:44:17 DEBUG cic.cs.unb.ca.jnetpcap.FlowGenerator    FlagFIN current has 80 flow
2024-05-30 22:44:17 DEBUG cic.cs.unb.ca.jnetpcap.FlowGenerator    FlagFIN current has 80 flow
2024-05-30 22:44:17 DEBUG cic.cs.unb.ca.jnetpcap.FlowGenerator    FlagFIN current has 80 flow
2024-05-30 22:44:18 DEBUG cic.cs.unb.ca.jnetpcap.FlowGenerator    FlagFIN current has 79 flow
2024-05-30 22:44:18 DEBUG cic.cs.unb.ca.jnetpcap.FlowGenerator    FlagFIN current has 78 flow
2024-05-30 22:44:18 DEBUG cic.cs.unb.ca.jnetpcap.FlowGenerator    FlagFIN current has 77 flow
2024-05-30 22:44:18 DEBUG cic.cs.unb.ca.jnetpcap.FlowGenerator    FlagFIN current has 80 flow
2024-05-30 22:44:18 DEBUG cic.cs.unb.ca.jnetpcap.FlowGenerator    FlagFIN current has 80 flow
2024-05-30 22:44:18 DEBUG cic.cs.unb.ca.jnetpcap.FlowGenerator    FlagFIN current has 80 flow
2024-05-30 22:44:18 DEBUG cic.cs.unb.ca.jnetpcap.FlowGenerator    FlagFIN current has 79 flow
2024-05-30 22:44:18 DEBUG cic.cs.unb.ca.jnetpcap.FlowGenerator    FlagFIN current has 78 flow
2024-05-30 22:44:18 DEBUG cic.cs.unb.ca.jnetpcap.FlowGenerator    FlagFIN current has 77 flow
2024-05-30 22:44:18 DEBUG cic.cs.unb.ca.jnetpcap.FlowGenerator    FlagFIN current has 76 flow
2024-05-30 22:44:18 DEBUG cic.cs.unb.ca.jnetpcap.FlowGenerator    FlagFIN current has 80 flow
2024-05-30 22:44:18 DEBUG cic.cs.unb.ca.jnetpcap.FlowGenerator    FlagFIN current has 80 flow
2024-05-30 22:44:18 DEBUG cic.cs.unb.ca.jnetpcap.FlowGenerator    FlagFIN current has 81 flow
2024-05-30 22:44:18 DEBUG cic.cs.unb.ca.jnetpcap.FlowGenerator    FlagFIN current has 81 flow
2024-05-30 22:44:18 DEBUG cic.cs.unb.ca.jnetpcap.FlowGenerator    FlagFIN current has 82 flow
2024-05-30 22:44:19 DEBUG cic.cs.unb.ca.jnetpcap.FlowGenerator    FlagFIN current has 83 flow
2024-05-30 22:44:19 DEBUG cic.cs.unb.ca.jnetpcap.FlowGenerator    FlagFIN current has 83 flow
2024-05-30 22:44:19 DEBUG cic.cs.unb.ca.jnetpcap.FlowGenerator    FlagFIN current has 82 flow
2024-05-30 22:44:19 DEBUG cic.cs.unb.ca.jnetpcap.FlowGenerator    FlagFIN current has 83 flow
2024-05-30 22:44:19 DEBUG cic.cs.unb.ca.jnetpcap.FlowGenerator    FlagFIN current has 83 flow
2024-05-30 22:44:19 DEBUG cic.cs.unb.ca.jnetpcap.FlowGenerator    FlagFIN current has 83 flow
2024-05-30 22:44:19 DEBUG cic.cs.unb.ca.jnetpcap.FlowGenerator    FlagFIN current has 84 flow
2024-05-30 22:44:19 DEBUG cic.cs.unb.ca.jnetpcap.FlowGenerator    FlagFIN current has 83 flow
2024-05-30 22:44:19 DEBUG cic.cs.unb.ca.jnetpcap.FlowGenerator    FlagFIN current has 84 flow
2024-05-30 22:44:19 DEBUG cic.cs.unb.ca.jnetpcap.FlowGenerator    FlagFIN current has 84 flow
2024-05-30 22:44:19 DEBUG cic.cs.unb.ca.jnetpcap.FlowGenerator    FlagFIN current has 84 flow
2024-05-30 22:44:19 DEBUG cic.cs.unb.ca.jnetpcap.FlowGenerator    FlagFIN current has 84 flow
2024-05-30 22:44:19 DEBUG cic.cs.unb.ca.jnetpcap.FlowGenerator    FlagFIN current has 84 flow
2024-05-30 22:44:20 DEBUG cic.cs.unb.ca.jnetpcap.FlowGenerator    FlagFIN current has 86 flow
2024-05-30 22:44:23 DEBUG cic.cs.unb.ca.jnetpcap.FlowGenerator    FlagFIN current has 87 flow
2024-05-30 22:44:23 DEBUG cic.cs.unb.ca.jnetpcap.FlowGenerator    FlagFIN current has 87 flow
2024-05-30 22:44:23 DEBUG cic.cs.unb.ca.jnetpcap.FlowGenerator    FlagFIN current has 87 flow
2024-05-30 22:44:23 DEBUG cic.cs.unb.ca.jnetpcap.FlowGenerator    FlagFIN current has 87 flow
2024-05-30 22:44:24 DEBUG cic.cs.unb.ca.jnetpcap.FlowGenerator    FlagFIN current has 87 flow
2024-05-30 22:44:24 DEBUG cic.cs.unb.ca.jnetpcap.FlowGenerator    FlagFIN current has 89 flow
2024-05-30 22:44:25 DEBUG cic.cs.unb.ca.jnetpcap.FlowGenerator    FlagFIN current has 89 flow
2024-05-30 22:44:26 DEBUG cic.cs.unb.ca.jnetpcap.FlowGenerator    FlagFIN current has 93 flow
2024-05-30 22:44:35 DEBUG cic.cs.unb.ca.jnetpcap.FlowGenerator    FlagFIN current has 102 flow
2024-05-30 22:44:35 DEBUG cic.cs.unb.ca.jnetpcap.FlowGenerator    FlagFIN current has 102 flow
2024-05-30 22:44:35 DEBUG cic.cs.unb.ca.jnetpcap.FlowGenerator    FlagFIN current has 102 flow
2024-05-30 22:44:35 DEBUG cic.cs.unb.ca.jnetpcap.FlowGenerator    FlagFIN current has 102 flow
2024-05-30 22:44:35 DEBUG cic.cs.unb.ca.jnetpcap.FlowGenerator    FlagFIN current has 102 flow
2024-05-30 22:44:35 DEBUG cic.cs.unb.ca.jnetpcap.FlowGenerator    FlagFIN current has 102 flow
2024-05-30 22:44:35 DEBUG cic.cs.unb.ca.jnetpcap.FlowGenerator    FlagFIN current has 102 flow
2024-05-30 22:44:35 DEBUG cic.cs.unb.ca.jnetpcap.FlowGenerator    FlagFIN current has 102 flow
2024-05-30 22:44:35 DEBUG cic.cs.unb.ca.jnetpcap.FlowGenerator    FlagFIN current has 101 flow
2024-05-30 22:44:35 DEBUG cic.cs.unb.ca.jnetpcap.FlowGenerator    FlagFIN current has 102 flow
2024-05-30 22:44:35 DEBUG cic.cs.unb.ca.jnetpcap.FlowGenerator    FlagFIN current has 102 flow
2024-05-30 22:44:35 DEBUG cic.cs.unb.ca.jnetpcap.FlowGenerator    FlagFIN current has 102 flow
2024-05-30 22:44:35 DEBUG cic.cs.unb.ca.jnetpcap.FlowGenerator    FlagFIN current has 101 flow
2024-05-30 22:44:35 DEBUG cic.cs.unb.ca.jnetpcap.FlowGenerator    FlagFIN current has 100 flow
2024-05-30 22:44:37 DEBUG cic.cs.unb.ca.jnetpcap.FlowGenerator    FlagFIN current has 102 flow
2024-05-30 22:44:37 DEBUG cic.cs.unb.ca.jnetpcap.FlowGenerator    FlagFIN current has 102 flow
2024-05-30 22:44:37 DEBUG cic.cs.unb.ca.jnetpcap.FlowGenerator    FlagFIN current has 102 flow
2024-05-30 22:44:37 DEBUG cic.cs.unb.ca.jnetpcap.FlowGenerator    FlagFIN current has 103 flow
2024-05-30 22:44:37 DEBUG cic.cs.unb.ca.jnetpcap.FlowGenerator    FlagFIN current has 102 flow
2024-05-30 22:44:37 DEBUG cic.cs.unb.ca.jnetpcap.FlowGenerator    FlagFIN current has 101 flow
2024-05-30 22:44:38 DEBUG cic.cs.unb.ca.jnetpcap.FlowGenerator    FlagFIN current has 106 flow
2024-05-30 22:44:39 DEBUG cic.cs.unb.ca.jnetpcap.FlowGenerator    FlagFIN current has 108 flow
2024-05-30 22:44:43 DEBUG cic.cs.unb.ca.jnetpcap.FlowGenerator    FlagFIN current has 110 flow
2024-05-30 22:44:43 DEBUG cic.cs.unb.ca.jnetpcap.FlowGenerator    FlagFIN current has 111 flow
2024-05-30 22:44:43 DEBUG cic.cs.unb.ca.jnetpcap.FlowGenerator    FlagFIN current has 112 flow
2024-05-30 22:44:46 DEBUG cic.cs.unb.ca.jnetpcap.FlowGenerator    FlagFIN current has 113 flow
2024-05-30 22:44:46 DEBUG cic.cs.unb.ca.jnetpcap.FlowGenerator    FlagFIN current has 112 flow
2024-05-30 22:44:47 DEBUG cic.cs.unb.ca.jnetpcap.FlowGenerator    FlagFIN current has 117 flow
2024-05-30 22:44:56 DEBUG cic.cs.unb.ca.jnetpcap.FlowGenerator    FlagFIN current has 117 flow
2024-05-30 22:44:56 DEBUG cic.cs.unb.ca.jnetpcap.FlowGenerator    FlagFIN current has 118 flow
2024-05-30 22:44:57 DEBUG cic.cs.unb.ca.jnetpcap.FlowGenerator    FlagFIN current has 118 flow
2024-05-30 22:44:57 DEBUG cic.cs.unb.ca.jnetpcap.FlowGenerator    FlagFIN current has 118 flow
2024-05-30 22:44:57 DEBUG cic.cs.unb.ca.jnetpcap.FlowGenerator    FlagFIN current has 119 flow
2024-05-30 22:44:57 DEBUG cic.cs.unb.ca.jnetpcap.FlowGenerator    FlagFIN current has 119 flow
2024-05-30 22:45:09 DEBUG cic.cs.unb.ca.jnetpcap.FlowGenerator    FlagFIN current has 120 flow
2024-05-30 22:45:09 DEBUG cic.cs.unb.ca.jnetpcap.FlowGenerator    FlagFIN current has 120 flow
2024-05-30 22:45:09 DEBUG cic.cs.unb.ca.jnetpcap.FlowGenerator    FlagFIN current has 119 flow
2024-05-30 22:45:09 DEBUG cic.cs.unb.ca.jnetpcap.FlowGenerator    FlagFIN current has 120 flow
2024-05-30 22:45:09 DEBUG cic.cs.unb.ca.jnetpcap.FlowGenerator    FlagFIN current has 122 flow
2024-05-30 22:45:09 DEBUG cic.cs.unb.ca.jnetpcap.FlowGenerator    FlagFIN current has 122 flow
2024-05-30 22:45:09 DEBUG cic.cs.unb.ca.jnetpcap.FlowGenerator    FlagFIN current has 123 flow
2024-05-30 22:45:09 DEBUG cic.cs.unb.ca.jnetpcap.FlowGenerator    FlagFIN current has 123 flow
2024-05-30 22:45:20 DEBUG cic.cs.unb.ca.jnetpcap.FlowGenerator    FlagFIN current has 123 flow
2024-05-30 22:45:20 DEBUG cic.cs.unb.ca.jnetpcap.FlowGenerator    FlagFIN current has 123 flow
2024-05-30 22:45:20 DEBUG cic.cs.unb.ca.jnetpcap.FlowGenerator    FlagFIN current has 123 flow
2024-05-30 22:45:20 DEBUG cic.cs.unb.ca.jnetpcap.FlowGenerator    FlagFIN current has 123 flow
2024-05-30 22:45:20 DEBUG cic.cs.unb.ca.jnetpcap.FlowGenerator    FlagFIN current has 123 flow
2024-05-30 22:45:20 DEBUG cic.cs.unb.ca.jnetpcap.FlowGenerator    FlagFIN current has 123 flow
2024-05-30 22:45:28 DEBUG cic.cs.unb.ca.jnetpcap.FlowGenerator    FlagFIN current has 125 flow
2024-05-30 22:45:28 DEBUG cic.cs.unb.ca.jnetpcap.FlowGenerator    FlagFIN current has 125 flow
2024-05-30 22:45:28 DEBUG cic.cs.unb.ca.jnetpcap.FlowGenerator    FlagFIN current has 125 flow
2024-05-30 22:45:31 DEBUG cic.cs.unb.ca.jnetpcap.FlowGenerator    FlagFIN current has 126 flow
2024-05-30 22:45:40 DEBUG cic.cs.unb.ca.jnetpcap.FlowGenerator    FlagFIN current has 130 flow
2024-05-30 22:45:40 DEBUG cic.cs.unb.ca.jnetpcap.FlowGenerator    FlagFIN current has 130 flow
2024-05-30 22:45:40 DEBUG cic.cs.unb.ca.jnetpcap.FlowGenerator    FlagFIN current has 130 flow
2024-05-30 22:45:40 DEBUG cic.cs.unb.ca.jnetpcap.FlowGenerator    FlagFIN current has 130 flow
2024-05-30 22:45:40 DEBUG cic.cs.unb.ca.jnetpcap.FlowGenerator    FlagFIN current has 130 flow
2024-05-30 22:45:40 DEBUG cic.cs.unb.ca.jnetpcap.FlowGenerator    FlagFIN current has 131 flow
2024-05-30 22:45:40 DEBUG cic.cs.unb.ca.jnetpcap.FlowGenerator    FlagFIN current has 131 flow
2024-05-30 22:45:42 DEBUG cic.cs.unb.ca.jnetpcap.FlowGenerator    FlagFIN current has 132 flow
2024-05-30 22:45:47 DEBUG cic.cs.unb.ca.jnetpcap.FlowGenerator    FlagFIN current has 136 flow
2024-05-30 22:45:47 DEBUG cic.cs.unb.ca.jnetpcap.FlowGenerator    FlagFIN current has 136 flow
2024-05-30 22:45:47 DEBUG cic.cs.unb.ca.jnetpcap.FlowGenerator    FlagFIN current has 136 flow
2024-05-30 22:45:47 DEBUG cic.cs.unb.ca.jnetpcap.FlowGenerator    FlagFIN current has 136 flow
2024-05-30 22:45:47 DEBUG cic.cs.unb.ca.jnetpcap.FlowGenerator    FlagFIN current has 136 flow
2024-05-30 22:45:47 DEBUG cic.cs.unb.ca.jnetpcap.FlowGenerator    FlagFIN current has 136 flow
2024-05-30 22:45:49 DEBUG cic.cs.unb.ca.jnetpcap.FlowGenerator    FlagFIN current has 139 flow
2024-05-30 22:45:53 DEBUG cic.cs.unb.ca.jnetpcap.FlowGenerator    FlagFIN current has 139 flow
2024-05-30 22:45:53 DEBUG cic.cs.unb.ca.jnetpcap.FlowGenerator    FlagFIN current has 139 flow
2024-05-30 22:45:53 DEBUG cic.cs.unb.ca.jnetpcap.FlowGenerator    FlagFIN current has 139 flow
2024-05-30 22:45:53 DEBUG cic.cs.unb.ca.jnetpcap.FlowGenerator    FlagFIN current has 139 flow
2024-05-30 22:45:53 DEBUG cic.cs.unb.ca.jnetpcap.FlowGenerator    FlagFIN current has 139 flow
2024-05-30 22:45:59 DEBUG cic.cs.unb.ca.jnetpcap.FlowGenerator    FlagFIN current has 144 flow
2024-05-30 22:45:59 DEBUG cic.cs.unb.ca.jnetpcap.FlowGenerator    FlagFIN current has 143 flow
2024-05-30 22:45:59 DEBUG cic.cs.unb.ca.jnetpcap.FlowGenerator    FlagFIN current has 142 flow
2024-05-30 22:45:59 DEBUG cic.cs.unb.ca.jnetpcap.FlowGenerator    FlagFIN current has 141 flow
2024-05-30 22:46:04 DEBUG cic.cs.unb.ca.jnetpcap.FlowGenerator    FlagFIN current has 146 flow
2024-05-30 22:46:04 DEBUG cic.cs.unb.ca.jnetpcap.FlowGenerator    FlagFIN current has 145 flow
2024-05-30 22:46:04 DEBUG cic.cs.unb.ca.jnetpcap.FlowGenerator    FlagFIN current has 144 flow
2024-05-30 22:46:04 DEBUG cic.cs.unb.ca.jnetpcap.FlowGenerator    FlagFIN current has 146 flow
