2024-05-20 01:13:44 INFO  cic.cs.unb.ca.jnetpcap.worker.TrafficFlowWorker    Pcap is listening...
2024-05-20 01:14:02 DEBUG cic.cs.unb.ca.jnetpcap.FlowGenerator    FlagFIN current has 10 flow
2024-05-20 01:14:38 DEBUG cic.cs.unb.ca.jnetpcap.FlowGenerator    FlagFIN current has 21 flow
2024-05-20 01:15:43 INFO  cic.cs.unb.ca.flow.ui.FlowMonitorPane    Pcap stop listening
2024-05-20 01:15:43 INFO  cic.cs.unb.ca.flow.ui.FlowMonitorPane    path:D:\ANN project\cicflow4.0\CICFlowmeter\bin\data\daily\2024-05-20_Flow.csv
2024-05-20 01:15:56 DEBUG cic.cs.unb.ca.jnetpcap.worker.TrafficFlowWorker    break Packet loop
2024-05-20 01:32:35 INFO  cic.cs.unb.ca.jnetpcap.worker.TrafficFlowWorker    Pcap is listening...
2024-05-20 01:32:55 DEBUG cic.cs.unb.ca.jnetpcap.FlowGenerator    FlagFIN current has 14 flow
2024-05-20 01:32:58 DEBUG cic.cs.unb.ca.jnetpcap.FlowGenerator    FlagFIN current has 15 flow
2024-05-20 01:33:13 DEBUG cic.cs.unb.ca.jnetpcap.FlowGenerator    FlagFIN current has 24 flow
2024-05-20 01:33:13 DEBUG cic.cs.unb.ca.jnetpcap.FlowGenerator    FlagFIN current has 24 flow
2024-05-20 01:34:12 INFO  cic.cs.unb.ca.flow.ui.FlowMonitorPane    Pcap stop listening
2024-05-20 01:34:12 INFO  cic.cs.unb.ca.flow.ui.FlowMonitorPane    path:D:\ANN project\cicflow4.0\CICFlowmeter\bin\data\daily\2024-05-20_Flow.csv
2024-05-20 01:34:13 DEBUG cic.cs.unb.ca.jnetpcap.worker.TrafficFlowWorker    break Packet loop
2024-05-20 10:55:59 INFO  cic.cs.unb.ca.jnetpcap.worker.TrafficFlowWorker    Pcap is listening...
2024-05-20 10:56:12 INFO  cic.cs.unb.ca.flow.ui.FlowMonitorPane    Pcap stop listening
2024-05-20 10:56:12 INFO  cic.cs.unb.ca.flow.ui.FlowMonitorPane    path:D:\ANN project\cicflow4.0\CICFlowmeter\bin\data\daily\2024-05-20_Flow.csv
2024-05-20 11:16:59 INFO  cic.cs.unb.ca.jnetpcap.worker.TrafficFlowWorker    Pcap is listening...
2024-05-20 11:17:19 DEBUG cic.cs.unb.ca.jnetpcap.FlowGenerator    FlagFIN current has 15 flow
2024-05-20 11:18:26 DEBUG cic.cs.unb.ca.jnetpcap.FlowGenerator    FlagFIN current has 31 flow
2024-05-20 11:18:28 DEBUG cic.cs.unb.ca.jnetpcap.FlowGenerator    FlagFIN current has 37 flow
2024-05-20 11:18:28 DEBUG cic.cs.unb.ca.jnetpcap.FlowGenerator    FlagFIN current has 37 flow
2024-05-20 11:18:53 DEBUG cic.cs.unb.ca.jnetpcap.FlowGenerator    FlagFIN current has 48 flow
2024-05-20 11:18:53 DEBUG cic.cs.unb.ca.jnetpcap.FlowGenerator    FlagFIN current has 48 flow
2024-05-20 11:18:55 DEBUG cic.cs.unb.ca.jnetpcap.FlowGenerator    FlagFIN current has 51 flow
2024-05-20 11:18:55 DEBUG cic.cs.unb.ca.jnetpcap.FlowGenerator    FlagFIN current has 51 flow
2024-05-20 11:18:58 DEBUG cic.cs.unb.ca.jnetpcap.FlowGenerator    FlagFIN current has 56 flow
2024-05-20 11:18:58 DEBUG cic.cs.unb.ca.jnetpcap.FlowGenerator    FlagFIN current has 56 flow
2024-05-20 11:19:01 DEBUG cic.cs.unb.ca.jnetpcap.FlowGenerator    FlagFIN current has 58 flow
2024-05-20 11:19:01 DEBUG cic.cs.unb.ca.jnetpcap.FlowGenerator    FlagFIN current has 58 flow
2024-05-20 11:19:29 DEBUG cic.cs.unb.ca.jnetpcap.FlowGenerator    FlagFIN current has 63 flow
2024-05-20 11:19:29 DEBUG cic.cs.unb.ca.jnetpcap.FlowGenerator    FlagFIN current has 63 flow
2024-05-20 11:19:33 DEBUG cic.cs.unb.ca.jnetpcap.FlowGenerator    FlagFIN current has 66 flow
2024-05-20 11:19:33 DEBUG cic.cs.unb.ca.jnetpcap.FlowGenerator    FlagFIN current has 66 flow
2024-05-20 11:19:50 DEBUG cic.cs.unb.ca.jnetpcap.FlowGenerator    FlagFIN current has 70 flow
2024-05-20 11:19:50 DEBUG cic.cs.unb.ca.jnetpcap.FlowGenerator    FlagFIN current has 70 flow
2024-05-20 11:20:20 DEBUG cic.cs.unb.ca.jnetpcap.FlowGenerator    FlagFIN current has 75 flow
2024-05-20 11:20:23 DEBUG cic.cs.unb.ca.jnetpcap.FlowGenerator    FlagFIN current has 79 flow
2024-05-20 11:20:23 DEBUG cic.cs.unb.ca.jnetpcap.FlowGenerator    FlagFIN current has 79 flow
2024-05-20 11:20:27 DEBUG cic.cs.unb.ca.jnetpcap.FlowGenerator    FlagFIN current has 80 flow
2024-05-20 11:20:27 DEBUG cic.cs.unb.ca.jnetpcap.FlowGenerator    FlagFIN current has 80 flow
2024-05-20 11:20:33 DEBUG cic.cs.unb.ca.jnetpcap.FlowGenerator    FlagFIN current has 82 flow
2024-05-20 11:20:33 DEBUG cic.cs.unb.ca.jnetpcap.FlowGenerator    FlagFIN current has 82 flow
2024-05-20 11:21:03 DEBUG cic.cs.unb.ca.jnetpcap.FlowGenerator    FlagFIN current has 86 flow
2024-05-20 11:21:03 DEBUG cic.cs.unb.ca.jnetpcap.FlowGenerator    FlagFIN current has 86 flow
2024-05-20 11:21:44 DEBUG cic.cs.unb.ca.jnetpcap.FlowGenerator    FlagFIN current has 90 flow
2024-05-20 11:21:44 DEBUG cic.cs.unb.ca.jnetpcap.FlowGenerator    FlagFIN current has 90 flow
2024-05-20 11:22:22 DEBUG cic.cs.unb.ca.jnetpcap.FlowGenerator    FlagFIN current has 97 flow
2024-05-20 11:22:22 DEBUG cic.cs.unb.ca.jnetpcap.FlowGenerator    FlagFIN current has 97 flow
2024-05-20 11:22:33 DEBUG cic.cs.unb.ca.jnetpcap.FlowGenerator    FlagFIN current has 100 flow
2024-05-20 11:22:33 DEBUG cic.cs.unb.ca.jnetpcap.FlowGenerator    FlagFIN current has 100 flow
2024-05-20 11:23:03 DEBUG cic.cs.unb.ca.jnetpcap.FlowGenerator    FlagFIN current has 107 flow
2024-05-20 11:23:03 DEBUG cic.cs.unb.ca.jnetpcap.FlowGenerator    FlagFIN current has 107 flow
2024-05-20 11:23:12 INFO  cic.cs.unb.ca.flow.ui.FlowMonitorPane    Pcap stop listening
2024-05-20 11:23:12 INFO  cic.cs.unb.ca.flow.ui.FlowMonitorPane    path:D:\ANN project\cicflow4.0\CICFlowmeter\bin\data\daily\2024-05-20_Flow.csv
2024-05-20 11:23:30 DEBUG cic.cs.unb.ca.jnetpcap.worker.TrafficFlowWorker    break Packet loop
2024-05-20 12:07:16 INFO  cic.cs.unb.ca.jnetpcap.worker.TrafficFlowWorker    Pcap is listening...
2024-05-20 12:07:42 DEBUG cic.cs.unb.ca.jnetpcap.FlowGenerator    FlagFIN current has 16 flow
2024-05-20 12:07:42 DEBUG cic.cs.unb.ca.jnetpcap.FlowGenerator    FlagFIN current has 16 flow
2024-05-20 12:08:22 DEBUG cic.cs.unb.ca.jnetpcap.FlowGenerator    FlagFIN current has 24 flow
2024-05-20 12:08:30 DEBUG cic.cs.unb.ca.jnetpcap.FlowGenerator    FlagFIN current has 35 flow
2024-05-20 12:08:30 DEBUG cic.cs.unb.ca.jnetpcap.FlowGenerator    FlagFIN current has 35 flow
2024-05-20 12:08:30 DEBUG cic.cs.unb.ca.jnetpcap.FlowGenerator    FlagFIN current has 39 flow
2024-05-20 12:08:30 DEBUG cic.cs.unb.ca.jnetpcap.FlowGenerator    FlagFIN current has 39 flow
2024-05-20 12:08:48 DEBUG cic.cs.unb.ca.jnetpcap.FlowGenerator    FlagFIN current has 47 flow
2024-05-20 12:08:48 DEBUG cic.cs.unb.ca.jnetpcap.FlowGenerator    FlagFIN current has 47 flow
2024-05-20 12:08:51 DEBUG cic.cs.unb.ca.jnetpcap.FlowGenerator    FlagFIN current has 48 flow
2024-05-20 12:08:51 DEBUG cic.cs.unb.ca.jnetpcap.FlowGenerator    FlagFIN current has 48 flow
2024-05-20 12:08:59 DEBUG cic.cs.unb.ca.jnetpcap.FlowGenerator    FlagFIN current has 51 flow
2024-05-20 12:08:59 DEBUG cic.cs.unb.ca.jnetpcap.FlowGenerator    FlagFIN current has 51 flow
2024-05-20 12:09:33 DEBUG cic.cs.unb.ca.jnetpcap.FlowGenerator    FlagFIN current has 72 flow
2024-05-20 12:09:33 DEBUG cic.cs.unb.ca.jnetpcap.FlowGenerator    FlagFIN current has 72 flow
2024-05-20 12:09:40 INFO  cic.cs.unb.ca.flow.ui.FlowMonitorPane    Pcap stop listening
2024-05-20 12:09:40 INFO  cic.cs.unb.ca.flow.ui.FlowMonitorPane    path:D:\ANN project\cicflow4.0\CICFlowmeter\bin\data\daily\2024-05-20_Flow.csv
2024-05-20 12:24:13 INFO  cic.cs.unb.ca.jnetpcap.worker.TrafficFlowWorker    Pcap is listening...
2024-05-20 12:25:33 DEBUG cic.cs.unb.ca.jnetpcap.FlowGenerator    FlagFIN current has 30 flow
2024-05-20 12:25:33 DEBUG cic.cs.unb.ca.jnetpcap.FlowGenerator    FlagFIN current has 34 flow
2024-05-20 12:25:33 DEBUG cic.cs.unb.ca.jnetpcap.FlowGenerator    FlagFIN current has 34 flow
2024-05-20 12:25:33 DEBUG cic.cs.unb.ca.jnetpcap.FlowGenerator    FlagFIN current has 34 flow
2024-05-20 12:25:57 DEBUG cic.cs.unb.ca.jnetpcap.FlowGenerator    FlagFIN current has 46 flow
2024-05-20 12:25:57 DEBUG cic.cs.unb.ca.jnetpcap.FlowGenerator    FlagFIN current has 46 flow
2024-05-20 12:26:02 DEBUG cic.cs.unb.ca.jnetpcap.FlowGenerator    FlagFIN current has 48 flow
2024-05-20 12:26:04 DEBUG cic.cs.unb.ca.jnetpcap.FlowGenerator    FlagFIN current has 49 flow
2024-05-20 12:26:15 INFO  cic.cs.unb.ca.flow.ui.FlowMonitorPane    Pcap stop listening
2024-05-20 12:26:15 INFO  cic.cs.unb.ca.flow.ui.FlowMonitorPane    path:D:\ANN project\cicflow4.0\CICFlowmeter\bin\data\daily\2024-05-20_Flow.csv
2024-05-20 12:46:27 INFO  cic.cs.unb.ca.jnetpcap.worker.TrafficFlowWorker    Pcap is listening...
2024-05-20 12:46:33 DEBUG cic.cs.unb.ca.jnetpcap.FlowGenerator    FlagFIN current has 4 flow
2024-05-20 12:47:03 DEBUG cic.cs.unb.ca.jnetpcap.FlowGenerator    FlagFIN current has 17 flow
2024-05-20 12:47:03 DEBUG cic.cs.unb.ca.jnetpcap.FlowGenerator    FlagFIN current has 17 flow
2024-05-20 12:47:33 DEBUG cic.cs.unb.ca.jnetpcap.FlowGenerator    FlagFIN current has 28 flow
2024-05-20 12:47:33 DEBUG cic.cs.unb.ca.jnetpcap.FlowGenerator    FlagFIN current has 28 flow
2024-05-20 12:47:47 DEBUG cic.cs.unb.ca.jnetpcap.FlowGenerator    FlagFIN current has 33 flow
2024-05-20 12:48:03 DEBUG cic.cs.unb.ca.jnetpcap.FlowGenerator    FlagFIN current has 33 flow
2024-05-20 12:48:09 DEBUG cic.cs.unb.ca.jnetpcap.FlowGenerator    FlagFIN current has 37 flow
2024-05-20 12:48:09 DEBUG cic.cs.unb.ca.jnetpcap.FlowGenerator    FlagFIN current has 37 flow
2024-05-20 12:48:20 DEBUG cic.cs.unb.ca.jnetpcap.FlowGenerator    FlagFIN current has 41 flow
2024-05-20 12:48:20 DEBUG cic.cs.unb.ca.jnetpcap.FlowGenerator    FlagFIN current has 41 flow
2024-05-20 12:48:41 INFO  cic.cs.unb.ca.flow.ui.FlowMonitorPane    Pcap stop listening
2024-05-20 12:48:41 INFO  cic.cs.unb.ca.flow.ui.FlowMonitorPane    path:D:\ANN project\cicflow4.0\CICFlowmeter\bin\data\daily\2024-05-20_Flow.csv
2024-05-20 12:48:43 DEBUG cic.cs.unb.ca.jnetpcap.worker.TrafficFlowWorker    break Packet loop
2024-05-20 12:53:25 INFO  cic.cs.unb.ca.jnetpcap.worker.TrafficFlowWorker    Pcap is listening...
2024-05-20 12:53:40 DEBUG cic.cs.unb.ca.jnetpcap.FlowGenerator    FlagFIN current has 10 flow
2024-05-20 12:53:40 DEBUG cic.cs.unb.ca.jnetpcap.FlowGenerator    FlagFIN current has 10 flow
2024-05-20 12:53:58 DEBUG cic.cs.unb.ca.jnetpcap.FlowGenerator    FlagFIN current has 16 flow
2024-05-20 12:54:24 DEBUG cic.cs.unb.ca.jnetpcap.FlowGenerator    FlagFIN current has 26 flow
2024-05-20 12:54:24 DEBUG cic.cs.unb.ca.jnetpcap.FlowGenerator    FlagFIN current has 26 flow
2024-05-20 12:54:46 DEBUG cic.cs.unb.ca.jnetpcap.FlowGenerator    FlagFIN current has 39 flow
2024-05-20 12:54:46 DEBUG cic.cs.unb.ca.jnetpcap.FlowGenerator    FlagFIN current has 39 flow
2024-05-20 12:54:49 DEBUG cic.cs.unb.ca.jnetpcap.FlowGenerator    FlagFIN current has 40 flow
2024-05-20 12:54:49 DEBUG cic.cs.unb.ca.jnetpcap.FlowGenerator    FlagFIN current has 40 flow
2024-05-20 12:55:00 DEBUG cic.cs.unb.ca.jnetpcap.FlowGenerator    FlagFIN current has 45 flow
2024-05-20 12:55:00 DEBUG cic.cs.unb.ca.jnetpcap.FlowGenerator    FlagFIN current has 45 flow
2024-05-20 12:55:03 DEBUG cic.cs.unb.ca.jnetpcap.FlowGenerator    FlagFIN current has 48 flow
2024-05-20 12:55:03 DEBUG cic.cs.unb.ca.jnetpcap.FlowGenerator    FlagFIN current has 48 flow
2024-05-20 12:55:06 DEBUG cic.cs.unb.ca.jnetpcap.FlowGenerator    FlagFIN current has 50 flow
2024-05-20 12:55:10 DEBUG cic.cs.unb.ca.jnetpcap.FlowGenerator    FlagFIN current has 51 flow
2024-05-20 12:55:10 DEBUG cic.cs.unb.ca.jnetpcap.FlowGenerator    FlagFIN current has 51 flow
2024-05-20 12:55:33 DEBUG cic.cs.unb.ca.jnetpcap.FlowGenerator    FlagFIN current has 60 flow
2024-05-20 12:55:33 DEBUG cic.cs.unb.ca.jnetpcap.FlowGenerator    FlagFIN current has 60 flow
2024-05-20 12:55:33 DEBUG cic.cs.unb.ca.jnetpcap.FlowGenerator    FlagFIN current has 60 flow
2024-05-20 12:56:03 DEBUG cic.cs.unb.ca.jnetpcap.FlowGenerator    FlagFIN current has 66 flow
2024-05-20 12:56:03 DEBUG cic.cs.unb.ca.jnetpcap.FlowGenerator    FlagFIN current has 66 flow
2024-05-20 12:56:11 DEBUG cic.cs.unb.ca.jnetpcap.FlowGenerator    FlagFIN current has 68 flow
2024-05-20 12:56:11 DEBUG cic.cs.unb.ca.jnetpcap.FlowGenerator    FlagFIN current has 68 flow
2024-05-20 12:56:32 DEBUG cic.cs.unb.ca.jnetpcap.FlowGenerator    FlagFIN current has 70 flow
2024-05-20 12:56:32 DEBUG cic.cs.unb.ca.jnetpcap.FlowGenerator    FlagFIN current has 70 flow
2024-05-20 12:56:45 DEBUG cic.cs.unb.ca.jnetpcap.FlowGenerator    FlagFIN current has 73 flow
2024-05-20 12:56:54 DEBUG cic.cs.unb.ca.jnetpcap.FlowGenerator    FlagFIN current has 77 flow
2024-05-20 12:56:54 DEBUG cic.cs.unb.ca.jnetpcap.FlowGenerator    FlagFIN current has 77 flow
2024-05-20 12:57:03 DEBUG cic.cs.unb.ca.jnetpcap.FlowGenerator    FlagFIN current has 79 flow
2024-05-20 12:57:03 DEBUG cic.cs.unb.ca.jnetpcap.FlowGenerator    FlagFIN current has 79 flow
2024-05-20 12:57:31 DEBUG cic.cs.unb.ca.jnetpcap.FlowGenerator    FlagFIN current has 84 flow
2024-05-20 12:57:31 DEBUG cic.cs.unb.ca.jnetpcap.FlowGenerator    FlagFIN current has 84 flow
2024-05-20 12:57:31 DEBUG cic.cs.unb.ca.jnetpcap.FlowGenerator    FlagFIN current has 84 flow
2024-05-20 12:57:33 DEBUG cic.cs.unb.ca.jnetpcap.FlowGenerator    FlagFIN current has 87 flow
2024-05-20 12:57:33 DEBUG cic.cs.unb.ca.jnetpcap.FlowGenerator    FlagFIN current has 87 flow
2024-05-20 12:59:01 DEBUG cic.cs.unb.ca.jnetpcap.FlowGenerator    FlagFIN current has 93 flow
2024-05-20 12:59:01 DEBUG cic.cs.unb.ca.jnetpcap.FlowGenerator    FlagFIN current has 93 flow
2024-05-20 12:59:01 DEBUG cic.cs.unb.ca.jnetpcap.FlowGenerator    FlagFIN current has 93 flow
2024-05-20 12:59:30 DEBUG cic.cs.unb.ca.jnetpcap.FlowGenerator    FlagFIN current has 99 flow
2024-05-20 12:59:30 DEBUG cic.cs.unb.ca.jnetpcap.FlowGenerator    Timeout current has 100 flow
2024-05-20 12:59:30 DEBUG cic.cs.unb.ca.jnetpcap.FlowGenerator    Timeout current has 100 flow
2024-05-20 14:13:40 INFO  cic.cs.unb.ca.jnetpcap.worker.TrafficFlowWorker    open \Device\NPF_{BD9EBAF4-09B9-40F7-B95F-A2DDCF3664F2} fail -> failed to set hardware filter to promiscuous mode
2024-05-20 14:14:29 INFO  cic.cs.unb.ca.flow.ui.FlowMonitorPane    path:D:\ANN project\cicflow4.0\CICFlowmeter\bin\data\daily\2024-05-20_Flow.csv
2024-05-20 14:16:23 INFO  cic.cs.unb.ca.flow.ui.FlowMonitorPane    path:D:\ANN project\cicflow4.0\CICFlowmeter\bin\data\daily\2024-05-20_Flow.csv
2024-05-20 14:16:44 INFO  cic.cs.unb.ca.jnetpcap.worker.TrafficFlowWorker    Pcap is listening...
2024-05-20 14:16:53 DEBUG cic.cs.unb.ca.jnetpcap.FlowGenerator    FlagFIN current has 128 flow
2024-05-20 14:16:57 DEBUG cic.cs.unb.ca.jnetpcap.FlowGenerator    FlagFIN current has 203 flow
2024-05-20 14:17:07 DEBUG cic.cs.unb.ca.jnetpcap.FlowGenerator    FlagFIN current has 267 flow
2024-05-20 14:17:10 DEBUG cic.cs.unb.ca.jnetpcap.FlowGenerator    FlagFIN current has 276 flow
2024-05-20 14:17:14 DEBUG cic.cs.unb.ca.jnetpcap.FlowGenerator    FlagFIN current has 301 flow
2024-05-20 14:17:14 DEBUG cic.cs.unb.ca.jnetpcap.FlowGenerator    FlagFIN current has 306 flow
2024-05-20 14:44:22 INFO  cic.cs.unb.ca.jnetpcap.worker.TrafficFlowWorker    Pcap is listening...
2024-05-20 14:44:46 DEBUG cic.cs.unb.ca.jnetpcap.FlowGenerator    FlagFIN current has 139 flow
2024-05-20 14:44:47 DEBUG cic.cs.unb.ca.jnetpcap.FlowGenerator    FlagFIN current has 149 flow
2024-05-20 14:45:09 DEBUG cic.cs.unb.ca.jnetpcap.FlowGenerator    FlagFIN current has 386 flow
2024-05-20 14:45:10 DEBUG cic.cs.unb.ca.jnetpcap.FlowGenerator    FlagFIN current has 421 flow
2024-05-20 14:45:41 DEBUG cic.cs.unb.ca.jnetpcap.FlowGenerator    FlagFIN current has 726 flow
2024-05-20 14:45:41 DEBUG cic.cs.unb.ca.jnetpcap.FlowGenerator    FlagFIN current has 727 flow
2024-05-20 14:46:09 DEBUG cic.cs.unb.ca.jnetpcap.FlowGenerator    FlagFIN current has 927 flow
2024-05-20 14:46:12 DEBUG cic.cs.unb.ca.jnetpcap.FlowGenerator    FlagFIN current has 1010 flow
2024-05-20 14:46:12 DEBUG cic.cs.unb.ca.jnetpcap.FlowGenerator    FlagFIN current has 1022 flow
2024-05-20 14:46:12 DEBUG cic.cs.unb.ca.jnetpcap.FlowGenerator    FlagFIN current has 1025 flow
2024-05-20 14:46:12 DEBUG cic.cs.unb.ca.jnetpcap.FlowGenerator    FlagFIN current has 1024 flow
2024-05-20 14:46:12 DEBUG cic.cs.unb.ca.jnetpcap.FlowGenerator    FlagFIN current has 1023 flow
2024-05-20 14:46:12 DEBUG cic.cs.unb.ca.jnetpcap.FlowGenerator    FlagFIN current has 1022 flow
2024-05-20 14:46:12 DEBUG cic.cs.unb.ca.jnetpcap.FlowGenerator    FlagFIN current has 1021 flow
2024-05-20 14:46:12 DEBUG cic.cs.unb.ca.jnetpcap.FlowGenerator    FlagFIN current has 1020 flow
2024-05-20 14:46:12 DEBUG cic.cs.unb.ca.jnetpcap.FlowGenerator    FlagFIN current has 1019 flow
2024-05-20 14:46:12 DEBUG cic.cs.unb.ca.jnetpcap.FlowGenerator    FlagFIN current has 1018 flow
2024-05-20 14:46:12 DEBUG cic.cs.unb.ca.jnetpcap.FlowGenerator    FlagFIN current has 1017 flow
2024-05-20 14:46:12 DEBUG cic.cs.unb.ca.jnetpcap.FlowGenerator    FlagFIN current has 1016 flow
2024-05-20 14:46:12 DEBUG cic.cs.unb.ca.jnetpcap.FlowGenerator    FlagFIN current has 1015 flow
2024-05-20 14:46:12 DEBUG cic.cs.unb.ca.jnetpcap.FlowGenerator    FlagFIN current has 1014 flow
2024-05-20 14:46:12 DEBUG cic.cs.unb.ca.jnetpcap.FlowGenerator    FlagFIN current has 1013 flow
2024-05-20 14:46:12 DEBUG cic.cs.unb.ca.jnetpcap.FlowGenerator    FlagFIN current has 1012 flow
2024-05-20 14:46:12 DEBUG cic.cs.unb.ca.jnetpcap.FlowGenerator    FlagFIN current has 1011 flow
2024-05-20 14:46:12 DEBUG cic.cs.unb.ca.jnetpcap.FlowGenerator    FlagFIN current has 1011 flow
2024-05-20 14:46:12 DEBUG cic.cs.unb.ca.jnetpcap.FlowGenerator    FlagFIN current has 1010 flow
2024-05-20 14:46:12 DEBUG cic.cs.unb.ca.jnetpcap.FlowGenerator    FlagFIN current has 1011 flow
2024-05-20 14:46:12 DEBUG cic.cs.unb.ca.jnetpcap.FlowGenerator    FlagFIN current has 1010 flow
2024-05-20 14:46:12 DEBUG cic.cs.unb.ca.jnetpcap.FlowGenerator    FlagFIN current has 1009 flow
2024-05-20 14:46:12 DEBUG cic.cs.unb.ca.jnetpcap.FlowGenerator    FlagFIN current has 1008 flow
2024-05-20 14:46:12 DEBUG cic.cs.unb.ca.jnetpcap.FlowGenerator    FlagFIN current has 1007 flow
2024-05-20 14:46:12 DEBUG cic.cs.unb.ca.jnetpcap.FlowGenerator    FlagFIN current has 1006 flow
2024-05-20 14:46:12 DEBUG cic.cs.unb.ca.jnetpcap.FlowGenerator    FlagFIN current has 1005 flow
2024-05-20 14:46:12 DEBUG cic.cs.unb.ca.jnetpcap.FlowGenerator    FlagFIN current has 1004 flow
2024-05-20 14:46:12 DEBUG cic.cs.unb.ca.jnetpcap.FlowGenerator    FlagFIN current has 1003 flow
2024-05-20 14:46:13 DEBUG cic.cs.unb.ca.jnetpcap.FlowGenerator    FlagFIN current has 1018 flow
2024-05-20 14:46:13 DEBUG cic.cs.unb.ca.jnetpcap.FlowGenerator    FlagFIN current has 1019 flow
2024-05-20 14:46:13 DEBUG cic.cs.unb.ca.jnetpcap.FlowGenerator    FlagFIN current has 1021 flow
2024-05-20 14:46:13 DEBUG cic.cs.unb.ca.jnetpcap.FlowGenerator    FlagFIN current has 1023 flow
2024-05-20 14:46:13 DEBUG cic.cs.unb.ca.jnetpcap.FlowGenerator    FlagFIN current has 1030 flow
2024-05-20 14:46:13 DEBUG cic.cs.unb.ca.jnetpcap.FlowGenerator    FlagFIN current has 1035 flow
2024-05-20 14:46:13 DEBUG cic.cs.unb.ca.jnetpcap.FlowGenerator    FlagFIN current has 1042 flow
2024-05-20 14:46:13 DEBUG cic.cs.unb.ca.jnetpcap.FlowGenerator    FlagFIN current has 1041 flow
2024-05-20 14:46:13 DEBUG cic.cs.unb.ca.jnetpcap.FlowGenerator    FlagFIN current has 1041 flow
2024-05-20 14:46:13 DEBUG cic.cs.unb.ca.jnetpcap.FlowGenerator    FlagFIN current has 1043 flow
2024-05-20 14:46:13 DEBUG cic.cs.unb.ca.jnetpcap.FlowGenerator    FlagFIN current has 1046 flow
2024-05-20 14:46:13 DEBUG cic.cs.unb.ca.jnetpcap.FlowGenerator    FlagFIN current has 1051 flow
2024-05-20 14:46:13 DEBUG cic.cs.unb.ca.jnetpcap.FlowGenerator    FlagFIN current has 1050 flow
2024-05-20 14:46:13 DEBUG cic.cs.unb.ca.jnetpcap.FlowGenerator    FlagFIN current has 1049 flow
2024-05-20 14:46:13 DEBUG cic.cs.unb.ca.jnetpcap.FlowGenerator    FlagFIN current has 1048 flow
2024-05-20 14:46:13 DEBUG cic.cs.unb.ca.jnetpcap.FlowGenerator    FlagFIN current has 1047 flow
2024-05-20 14:46:13 DEBUG cic.cs.unb.ca.jnetpcap.FlowGenerator    FlagFIN current has 1046 flow
2024-05-20 14:46:13 DEBUG cic.cs.unb.ca.jnetpcap.FlowGenerator    FlagFIN current has 1045 flow
2024-05-20 14:46:13 DEBUG cic.cs.unb.ca.jnetpcap.FlowGenerator    FlagFIN current has 1045 flow
2024-05-20 14:46:14 DEBUG cic.cs.unb.ca.jnetpcap.FlowGenerator    FlagFIN current has 1061 flow
2024-05-20 14:46:14 DEBUG cic.cs.unb.ca.jnetpcap.FlowGenerator    FlagFIN current has 1061 flow
2024-05-20 14:46:14 DEBUG cic.cs.unb.ca.jnetpcap.FlowGenerator    FlagFIN current has 1066 flow
2024-05-20 14:46:14 DEBUG cic.cs.unb.ca.jnetpcap.FlowGenerator    FlagFIN current has 1066 flow
2024-05-20 14:46:14 DEBUG cic.cs.unb.ca.jnetpcap.FlowGenerator    FlagFIN current has 1065 flow
2024-05-20 14:46:14 DEBUG cic.cs.unb.ca.jnetpcap.FlowGenerator    FlagFIN current has 1064 flow
2024-05-20 14:46:14 DEBUG cic.cs.unb.ca.jnetpcap.FlowGenerator    FlagFIN current has 1079 flow
2024-05-20 14:46:14 DEBUG cic.cs.unb.ca.jnetpcap.FlowGenerator    FlagFIN current has 1079 flow
2024-05-20 14:46:14 DEBUG cic.cs.unb.ca.jnetpcap.FlowGenerator    FlagFIN current has 1081 flow
2024-05-20 14:46:14 DEBUG cic.cs.unb.ca.jnetpcap.FlowGenerator    FlagFIN current has 1080 flow
2024-05-20 14:46:14 DEBUG cic.cs.unb.ca.jnetpcap.FlowGenerator    FlagFIN current has 1079 flow
2024-05-20 14:46:14 DEBUG cic.cs.unb.ca.jnetpcap.FlowGenerator    FlagFIN current has 1082 flow
2024-05-20 14:46:14 DEBUG cic.cs.unb.ca.jnetpcap.FlowGenerator    FlagFIN current has 1083 flow
2024-05-20 14:46:14 DEBUG cic.cs.unb.ca.jnetpcap.FlowGenerator    FlagFIN current has 1089 flow
2024-05-20 14:46:17 DEBUG cic.cs.unb.ca.jnetpcap.FlowGenerator    FlagFIN current has 1135 flow
2024-05-20 14:46:17 DEBUG cic.cs.unb.ca.jnetpcap.FlowGenerator    FlagFIN current has 1137 flow
2024-05-20 14:46:18 DEBUG cic.cs.unb.ca.jnetpcap.FlowGenerator    FlagFIN current has 1148 flow
2024-05-20 14:46:18 DEBUG cic.cs.unb.ca.jnetpcap.FlowGenerator    FlagFIN current has 1154 flow
2024-05-20 14:46:25 DEBUG cic.cs.unb.ca.jnetpcap.FlowGenerator    FlagFIN current has 1261 flow
2024-05-20 14:46:25 DEBUG cic.cs.unb.ca.jnetpcap.FlowGenerator    FlagFIN current has 1261 flow
2024-05-20 14:46:32 DEBUG cic.cs.unb.ca.jnetpcap.FlowGenerator    FlagFIN current has 1355 flow
2024-05-20 14:46:33 DEBUG cic.cs.unb.ca.jnetpcap.FlowGenerator    FlagFIN current has 1362 flow
2024-05-20 14:46:33 DEBUG cic.cs.unb.ca.jnetpcap.FlowGenerator    FlagFIN current has 1361 flow
2024-05-20 14:46:39 DEBUG cic.cs.unb.ca.jnetpcap.FlowGenerator    FlagFIN current has 1461 flow
2024-05-20 14:46:47 DEBUG cic.cs.unb.ca.jnetpcap.FlowGenerator    FlagFIN current has 1518 flow
2024-05-20 14:46:48 DEBUG cic.cs.unb.ca.jnetpcap.FlowGenerator    FlagFIN current has 1536 flow
2024-05-20 14:46:49 DEBUG cic.cs.unb.ca.jnetpcap.FlowGenerator    FlagFIN current has 1547 flow
2024-05-20 14:46:51 DEBUG cic.cs.unb.ca.jnetpcap.FlowGenerator    FlagFIN current has 1569 flow
2024-05-20 14:46:51 DEBUG cic.cs.unb.ca.jnetpcap.FlowGenerator    FlagFIN current has 1570 flow
2024-05-20 14:46:53 DEBUG cic.cs.unb.ca.jnetpcap.FlowGenerator    Timeout current has 1600 flow
2024-05-20 14:47:05 DEBUG cic.cs.unb.ca.jnetpcap.FlowGenerator    FlagFIN current has 1743 flow
2024-05-20 14:47:06 DEBUG cic.cs.unb.ca.jnetpcap.FlowGenerator    FlagFIN current has 1745 flow
2024-05-20 14:47:06 DEBUG cic.cs.unb.ca.jnetpcap.FlowGenerator    Timeout current has 1750 flow
2024-05-20 14:47:06 DEBUG cic.cs.unb.ca.jnetpcap.FlowGenerator    Timeout current has 1750 flow
2024-05-20 14:47:08 DEBUG cic.cs.unb.ca.jnetpcap.FlowGenerator    FlagFIN current has 1765 flow
2024-05-20 14:47:08 DEBUG cic.cs.unb.ca.jnetpcap.FlowGenerator    FlagFIN current has 1764 flow
2024-05-20 14:47:08 DEBUG cic.cs.unb.ca.jnetpcap.FlowGenerator    FlagFIN current has 1774 flow
2024-05-20 14:47:08 DEBUG cic.cs.unb.ca.jnetpcap.FlowGenerator    FlagFIN current has 1773 flow
2024-05-20 14:47:08 DEBUG cic.cs.unb.ca.jnetpcap.FlowGenerator    FlagFIN current has 1774 flow
2024-05-20 14:47:08 DEBUG cic.cs.unb.ca.jnetpcap.FlowGenerator    FlagFIN current has 1773 flow
2024-05-20 14:47:13 DEBUG cic.cs.unb.ca.jnetpcap.FlowGenerator    FlagFIN current has 1793 flow
2024-05-20 14:47:13 DEBUG cic.cs.unb.ca.jnetpcap.FlowGenerator    FlagFIN current has 1793 flow
2024-05-20 14:47:14 DEBUG cic.cs.unb.ca.jnetpcap.FlowGenerator    FlagFIN current has 1808 flow
2024-05-20 14:47:14 DEBUG cic.cs.unb.ca.jnetpcap.FlowGenerator    FlagFIN current has 1811 flow
2024-05-20 14:47:15 DEBUG cic.cs.unb.ca.jnetpcap.FlowGenerator    FlagFIN current has 1813 flow
2024-05-20 14:47:15 DEBUG cic.cs.unb.ca.jnetpcap.FlowGenerator    FlagFIN current has 1813 flow
2024-05-20 14:47:15 DEBUG cic.cs.unb.ca.jnetpcap.FlowGenerator    FlagFIN current has 1820 flow
2024-05-20 14:47:15 DEBUG cic.cs.unb.ca.jnetpcap.FlowGenerator    FlagFIN current has 1820 flow
2024-05-20 14:47:17 DEBUG cic.cs.unb.ca.jnetpcap.FlowGenerator    FlagFIN current has 1828 flow
2024-05-20 14:47:17 DEBUG cic.cs.unb.ca.jnetpcap.FlowGenerator    FlagFIN current has 1827 flow
2024-05-20 14:47:17 DEBUG cic.cs.unb.ca.jnetpcap.FlowGenerator    FlagFIN current has 1828 flow
2024-05-20 14:47:18 DEBUG cic.cs.unb.ca.jnetpcap.FlowGenerator    FlagFIN current has 1834 flow
2024-05-20 14:47:19 DEBUG cic.cs.unb.ca.jnetpcap.FlowGenerator    FlagFIN current has 1834 flow
2024-05-20 14:47:19 DEBUG cic.cs.unb.ca.jnetpcap.FlowGenerator    FlagFIN current has 1846 flow
2024-05-20 14:47:22 DEBUG cic.cs.unb.ca.jnetpcap.FlowGenerator    FlagFIN current has 1875 flow
2024-05-20 14:47:22 DEBUG cic.cs.unb.ca.jnetpcap.FlowGenerator    FlagFIN current has 1874 flow
2024-05-20 14:47:22 DEBUG cic.cs.unb.ca.jnetpcap.FlowGenerator    FlagFIN current has 1876 flow
2024-05-20 14:47:22 DEBUG cic.cs.unb.ca.jnetpcap.FlowGenerator    FlagFIN current has 1886 flow
2024-05-20 14:47:22 DEBUG cic.cs.unb.ca.jnetpcap.FlowGenerator    FlagFIN current has 1885 flow
2024-05-20 14:47:22 DEBUG cic.cs.unb.ca.jnetpcap.FlowGenerator    FlagFIN current has 1884 flow
2024-05-20 14:47:22 DEBUG cic.cs.unb.ca.jnetpcap.FlowGenerator    FlagFIN current has 1883 flow
2024-05-20 14:47:22 DEBUG cic.cs.unb.ca.jnetpcap.FlowGenerator    FlagFIN current has 1882 flow
2024-05-20 14:47:22 DEBUG cic.cs.unb.ca.jnetpcap.FlowGenerator    FlagFIN current has 1881 flow
2024-05-20 14:47:22 DEBUG cic.cs.unb.ca.jnetpcap.FlowGenerator    FlagFIN current has 1880 flow
2024-05-20 14:47:22 DEBUG cic.cs.unb.ca.jnetpcap.FlowGenerator    FlagFIN current has 1879 flow
2024-05-20 14:47:22 DEBUG cic.cs.unb.ca.jnetpcap.FlowGenerator    FlagFIN current has 1879 flow
2024-05-20 14:47:22 DEBUG cic.cs.unb.ca.jnetpcap.FlowGenerator    FlagFIN current has 1878 flow
2024-05-20 14:47:22 DEBUG cic.cs.unb.ca.jnetpcap.FlowGenerator    FlagFIN current has 1877 flow
2024-05-20 14:47:22 DEBUG cic.cs.unb.ca.jnetpcap.FlowGenerator    FlagFIN current has 1876 flow
2024-05-20 14:47:22 DEBUG cic.cs.unb.ca.jnetpcap.FlowGenerator    FlagFIN current has 1875 flow
2024-05-20 14:47:22 DEBUG cic.cs.unb.ca.jnetpcap.FlowGenerator    FlagFIN current has 1874 flow
2024-05-20 14:47:22 DEBUG cic.cs.unb.ca.jnetpcap.FlowGenerator    FlagFIN current has 1873 flow
2024-05-20 14:47:22 DEBUG cic.cs.unb.ca.jnetpcap.FlowGenerator    FlagFIN current has 1872 flow
2024-05-20 14:47:22 DEBUG cic.cs.unb.ca.jnetpcap.FlowGenerator    FlagFIN current has 1871 flow
2024-05-20 14:47:22 DEBUG cic.cs.unb.ca.jnetpcap.FlowGenerator    FlagFIN current has 1870 flow
2024-05-20 14:47:22 DEBUG cic.cs.unb.ca.jnetpcap.FlowGenerator    FlagFIN current has 1870 flow
2024-05-20 14:47:22 DEBUG cic.cs.unb.ca.jnetpcap.FlowGenerator    FlagFIN current has 1870 flow
2024-05-20 14:47:22 DEBUG cic.cs.unb.ca.jnetpcap.FlowGenerator    FlagFIN current has 1870 flow
2024-05-20 14:47:22 DEBUG cic.cs.unb.ca.jnetpcap.FlowGenerator    FlagFIN current has 1870 flow
2024-05-20 14:47:22 DEBUG cic.cs.unb.ca.jnetpcap.FlowGenerator    FlagFIN current has 1869 flow
2024-05-20 14:47:22 DEBUG cic.cs.unb.ca.jnetpcap.FlowGenerator    FlagFIN current has 1868 flow
2024-05-20 14:47:22 DEBUG cic.cs.unb.ca.jnetpcap.FlowGenerator    FlagFIN current has 1877 flow
2024-05-20 14:47:23 DEBUG cic.cs.unb.ca.jnetpcap.FlowGenerator    FlagFIN current has 1902 flow
2024-05-20 14:47:23 DEBUG cic.cs.unb.ca.jnetpcap.FlowGenerator    FlagFIN current has 1901 flow
2024-05-20 14:47:24 DEBUG cic.cs.unb.ca.jnetpcap.FlowGenerator    FlagFIN current has 1915 flow
2024-05-20 14:47:24 DEBUG cic.cs.unb.ca.jnetpcap.FlowGenerator    FlagFIN current has 1915 flow
2024-05-20 14:47:25 DEBUG cic.cs.unb.ca.jnetpcap.FlowGenerator    FlagFIN current has 1915 flow
2024-05-20 14:47:25 DEBUG cic.cs.unb.ca.jnetpcap.FlowGenerator    FlagFIN current has 1917 flow
2024-05-20 14:47:37 DEBUG cic.cs.unb.ca.jnetpcap.FlowGenerator    FlagFIN current has 2019 flow
2024-05-20 14:47:37 DEBUG cic.cs.unb.ca.jnetpcap.FlowGenerator    FlagFIN current has 2019 flow
2024-05-20 14:47:41 DEBUG cic.cs.unb.ca.jnetpcap.FlowGenerator    FlagFIN current has 2071 flow
2024-05-20 14:47:41 DEBUG cic.cs.unb.ca.jnetpcap.FlowGenerator    FlagFIN current has 2070 flow
2024-05-20 14:47:42 DEBUG cic.cs.unb.ca.jnetpcap.FlowGenerator    FlagFIN current has 2071 flow
2024-05-20 14:47:42 DEBUG cic.cs.unb.ca.jnetpcap.FlowGenerator    FlagFIN current has 2070 flow
2024-05-20 14:47:42 DEBUG cic.cs.unb.ca.jnetpcap.FlowGenerator    FlagFIN current has 2077 flow
2024-05-20 14:47:42 DEBUG cic.cs.unb.ca.jnetpcap.FlowGenerator    FlagFIN current has 2077 flow
2024-05-20 14:47:46 DEBUG cic.cs.unb.ca.jnetpcap.FlowGenerator    FlagFIN current has 2107 flow
2024-05-20 14:47:48 DEBUG cic.cs.unb.ca.jnetpcap.FlowGenerator    FlagFIN current has 2121 flow
2024-05-20 14:47:48 DEBUG cic.cs.unb.ca.jnetpcap.FlowGenerator    FlagFIN current has 2121 flow
2024-05-20 14:47:48 DEBUG cic.cs.unb.ca.jnetpcap.FlowGenerator    FlagFIN current has 2120 flow
2024-05-20 14:47:49 DEBUG cic.cs.unb.ca.jnetpcap.FlowGenerator    FlagFIN current has 2121 flow
2024-05-20 14:47:49 DEBUG cic.cs.unb.ca.jnetpcap.FlowGenerator    FlagFIN current has 2125 flow
2024-05-20 14:47:49 DEBUG cic.cs.unb.ca.jnetpcap.FlowGenerator    FlagFIN current has 2125 flow
2024-05-20 14:47:54 DEBUG cic.cs.unb.ca.jnetpcap.FlowGenerator    FlagFIN current has 2145 flow
2024-05-20 14:49:01 INFO  cic.cs.unb.ca.jnetpcap.worker.TrafficFlowWorker    Pcap is listening...
2024-05-20 14:49:04 DEBUG cic.cs.unb.ca.jnetpcap.FlowGenerator    FlagFIN current has 88 flow
2024-05-20 14:49:14 DEBUG cic.cs.unb.ca.jnetpcap.FlowGenerator    FlagFIN current has 228 flow
2024-05-20 14:49:14 DEBUG cic.cs.unb.ca.jnetpcap.FlowGenerator    FlagFIN current has 228 flow
2024-05-20 14:49:14 DEBUG cic.cs.unb.ca.jnetpcap.FlowGenerator    FlagFIN current has 227 flow
2024-05-20 14:49:14 DEBUG cic.cs.unb.ca.jnetpcap.FlowGenerator    FlagFIN current has 226 flow
2024-05-20 14:49:15 DEBUG cic.cs.unb.ca.jnetpcap.FlowGenerator    FlagFIN current has 232 flow
2024-05-20 14:49:15 DEBUG cic.cs.unb.ca.jnetpcap.FlowGenerator    FlagFIN current has 231 flow
2024-05-20 14:49:15 DEBUG cic.cs.unb.ca.jnetpcap.FlowGenerator    FlagFIN current has 232 flow
2024-05-20 14:49:16 DEBUG cic.cs.unb.ca.jnetpcap.FlowGenerator    FlagFIN current has 246 flow
2024-05-20 14:49:16 DEBUG cic.cs.unb.ca.jnetpcap.FlowGenerator    FlagFIN current has 252 flow
2024-05-20 14:49:16 DEBUG cic.cs.unb.ca.jnetpcap.FlowGenerator    FlagFIN current has 262 flow
2024-05-20 14:49:16 DEBUG cic.cs.unb.ca.jnetpcap.FlowGenerator    FlagFIN current has 266 flow
2024-05-20 14:49:30 DEBUG cic.cs.unb.ca.jnetpcap.FlowGenerator    FlagFIN current has 472 flow
2024-05-20 14:49:30 DEBUG cic.cs.unb.ca.jnetpcap.FlowGenerator    FlagFIN current has 472 flow
2024-05-20 14:49:30 DEBUG cic.cs.unb.ca.jnetpcap.FlowGenerator    FlagFIN current has 471 flow
2024-05-20 14:49:30 DEBUG cic.cs.unb.ca.jnetpcap.FlowGenerator    FlagFIN current has 470 flow
2024-05-20 14:49:30 DEBUG cic.cs.unb.ca.jnetpcap.FlowGenerator    FlagFIN current has 469 flow
2024-05-20 14:49:30 DEBUG cic.cs.unb.ca.jnetpcap.FlowGenerator    FlagFIN current has 471 flow
2024-05-20 14:49:30 DEBUG cic.cs.unb.ca.jnetpcap.FlowGenerator    FlagFIN current has 473 flow
2024-05-20 14:49:34 DEBUG cic.cs.unb.ca.jnetpcap.FlowGenerator    FlagFIN current has 518 flow
2024-05-20 14:49:34 DEBUG cic.cs.unb.ca.jnetpcap.FlowGenerator    FlagFIN current has 517 flow
2024-05-20 14:49:34 DEBUG cic.cs.unb.ca.jnetpcap.FlowGenerator    FlagFIN current has 516 flow
2024-05-20 14:49:34 DEBUG cic.cs.unb.ca.jnetpcap.FlowGenerator    FlagFIN current has 515 flow
2024-05-20 14:49:45 DEBUG cic.cs.unb.ca.jnetpcap.FlowGenerator    FlagFIN current has 627 flow
2024-05-20 14:50:05 DEBUG cic.cs.unb.ca.jnetpcap.FlowGenerator    FlagFIN current has 700 flow
2024-05-20 14:50:17 DEBUG cic.cs.unb.ca.jnetpcap.FlowGenerator    FlagFIN current has 771 flow
2024-05-20 14:50:17 DEBUG cic.cs.unb.ca.jnetpcap.FlowGenerator    FlagFIN current has 771 flow
2024-05-20 14:50:19 DEBUG cic.cs.unb.ca.jnetpcap.FlowGenerator    FlagFIN current has 780 flow
2024-05-20 14:50:19 DEBUG cic.cs.unb.ca.jnetpcap.FlowGenerator    FlagFIN current has 780 flow
2024-05-20 14:50:21 DEBUG cic.cs.unb.ca.jnetpcap.FlowGenerator    FlagFIN current has 785 flow
2024-05-20 14:50:21 DEBUG cic.cs.unb.ca.jnetpcap.FlowGenerator    FlagFIN current has 784 flow
2024-05-20 14:50:21 DEBUG cic.cs.unb.ca.jnetpcap.FlowGenerator    FlagFIN current has 783 flow
2024-05-20 14:50:22 DEBUG cic.cs.unb.ca.jnetpcap.FlowGenerator    FlagFIN current has 809 flow
2024-05-20 14:50:22 DEBUG cic.cs.unb.ca.jnetpcap.FlowGenerator    FlagFIN current has 809 flow
2024-05-20 14:50:23 DEBUG cic.cs.unb.ca.jnetpcap.FlowGenerator    FlagFIN current has 817 flow
2024-05-20 14:50:23 DEBUG cic.cs.unb.ca.jnetpcap.FlowGenerator    FlagFIN current has 817 flow
2024-05-20 14:50:33 DEBUG cic.cs.unb.ca.jnetpcap.FlowGenerator    FlagFIN current has 895 flow
2024-05-20 14:50:33 DEBUG cic.cs.unb.ca.jnetpcap.FlowGenerator    FlagFIN current has 895 flow
2024-05-20 14:50:52 DEBUG cic.cs.unb.ca.jnetpcap.FlowGenerator    FlagFIN current has 996 flow
2024-05-20 14:50:56 DEBUG cic.cs.unb.ca.jnetpcap.FlowGenerator    FlagFIN current has 1046 flow
2024-05-20 14:50:56 DEBUG cic.cs.unb.ca.jnetpcap.FlowGenerator    FlagFIN current has 1045 flow
2024-05-20 14:50:56 DEBUG cic.cs.unb.ca.jnetpcap.FlowGenerator    FlagFIN current has 1051 flow
2024-05-20 14:50:56 DEBUG cic.cs.unb.ca.jnetpcap.FlowGenerator    FlagFIN current has 1050 flow
2024-05-20 14:50:57 DEBUG cic.cs.unb.ca.jnetpcap.FlowGenerator    FlagFIN current has 1059 flow
2024-05-20 14:50:57 DEBUG cic.cs.unb.ca.jnetpcap.FlowGenerator    FlagFIN current has 1058 flow
2024-05-20 14:50:57 DEBUG cic.cs.unb.ca.jnetpcap.FlowGenerator    FlagFIN current has 1065 flow
2024-05-20 14:50:57 DEBUG cic.cs.unb.ca.jnetpcap.FlowGenerator    FlagFIN current has 1065 flow
2024-05-20 14:51:09 DEBUG cic.cs.unb.ca.jnetpcap.FlowGenerator    FlagFIN current has 1164 flow
2024-05-20 14:51:09 DEBUG cic.cs.unb.ca.jnetpcap.FlowGenerator    FlagFIN current has 1168 flow
2024-05-20 14:51:09 DEBUG cic.cs.unb.ca.jnetpcap.FlowGenerator    FlagFIN current has 1171 flow
2024-05-20 14:51:09 DEBUG cic.cs.unb.ca.jnetpcap.FlowGenerator    FlagFIN current has 1174 flow
2024-05-20 14:51:10 DEBUG cic.cs.unb.ca.jnetpcap.FlowGenerator    FlagFIN current has 1192 flow
2024-05-20 14:51:10 DEBUG cic.cs.unb.ca.jnetpcap.FlowGenerator    FlagFIN current has 1202 flow
2024-05-20 14:51:10 DEBUG cic.cs.unb.ca.jnetpcap.FlowGenerator    FlagFIN current has 1201 flow
2024-05-20 14:51:12 DEBUG cic.cs.unb.ca.jnetpcap.FlowGenerator    FlagFIN current has 1220 flow
2024-05-20 14:51:12 DEBUG cic.cs.unb.ca.jnetpcap.FlowGenerator    FlagFIN current has 1219 flow
2024-05-20 14:51:12 DEBUG cic.cs.unb.ca.jnetpcap.FlowGenerator    FlagFIN current has 1218 flow
2024-05-20 14:51:12 DEBUG cic.cs.unb.ca.jnetpcap.FlowGenerator    FlagFIN current has 1217 flow
2024-05-20 14:51:13 DEBUG cic.cs.unb.ca.jnetpcap.FlowGenerator    FlagFIN current has 1238 flow
2024-05-20 14:51:13 DEBUG cic.cs.unb.ca.jnetpcap.FlowGenerator    FlagFIN current has 1240 flow
2024-05-20 14:51:13 DEBUG cic.cs.unb.ca.jnetpcap.FlowGenerator    FlagFIN current has 1246 flow
2024-05-20 14:51:13 DEBUG cic.cs.unb.ca.jnetpcap.FlowGenerator    FlagFIN current has 1245 flow
2024-05-20 14:51:23 DEBUG cic.cs.unb.ca.jnetpcap.FlowGenerator    FlagFIN current has 1281 flow
2024-05-20 14:51:23 DEBUG cic.cs.unb.ca.jnetpcap.FlowGenerator    FlagFIN current has 1280 flow
2024-05-20 14:51:23 DEBUG cic.cs.unb.ca.jnetpcap.FlowGenerator    FlagFIN current has 1279 flow
2024-05-20 14:51:26 DEBUG cic.cs.unb.ca.jnetpcap.FlowGenerator    Timeout current has 1300 flow
2024-05-20 14:51:30 DEBUG cic.cs.unb.ca.jnetpcap.FlowGenerator    FlagFIN current has 1341 flow
2024-05-20 14:51:31 DEBUG cic.cs.unb.ca.jnetpcap.FlowGenerator    FlagFIN current has 1346 flow
2024-05-20 14:51:31 DEBUG cic.cs.unb.ca.jnetpcap.FlowGenerator    FlagFIN current has 1349 flow
2024-05-20 14:52:01 DEBUG cic.cs.unb.ca.jnetpcap.FlowGenerator    FlagFIN current has 1448 flow
2024-05-20 14:52:01 DEBUG cic.cs.unb.ca.jnetpcap.FlowGenerator    FlagFIN current has 1456 flow
2024-05-20 14:52:05 DEBUG cic.cs.unb.ca.jnetpcap.FlowGenerator    FlagFIN current has 1478 flow
2024-05-20 14:52:06 DEBUG cic.cs.unb.ca.jnetpcap.FlowGenerator    FlagFIN current has 1481 flow
2024-05-20 14:52:10 DEBUG cic.cs.unb.ca.jnetpcap.FlowGenerator    FlagFIN current has 1499 flow
2024-05-20 14:52:23 DEBUG cic.cs.unb.ca.jnetpcap.FlowGenerator    FlagFIN current has 1533 flow
2024-05-20 14:52:23 DEBUG cic.cs.unb.ca.jnetpcap.FlowGenerator    FlagFIN current has 1532 flow
2024-05-20 14:52:23 DEBUG cic.cs.unb.ca.jnetpcap.FlowGenerator    FlagFIN current has 1544 flow
2024-05-20 14:52:23 DEBUG cic.cs.unb.ca.jnetpcap.FlowGenerator    FlagFIN current has 1544 flow
2024-05-20 14:52:25 DEBUG cic.cs.unb.ca.jnetpcap.FlowGenerator    FlagFIN current has 1579 flow
2024-05-20 14:52:51 DEBUG cic.cs.unb.ca.jnetpcap.FlowGenerator    FlagFIN current has 1669 flow
2024-05-20 14:52:55 DEBUG cic.cs.unb.ca.jnetpcap.FlowGenerator    FlagFIN current has 1698 flow
2024-05-20 14:53:14 DEBUG cic.cs.unb.ca.jnetpcap.FlowGenerator    Timeout current has 1850 flow
2024-05-20 14:53:20 DEBUG cic.cs.unb.ca.jnetpcap.FlowGenerator    FlagFIN current has 1907 flow
2024-05-20 14:53:20 DEBUG cic.cs.unb.ca.jnetpcap.FlowGenerator    FlagFIN current has 1907 flow
2024-05-20 14:53:36 DEBUG cic.cs.unb.ca.jnetpcap.FlowGenerator    Timeout current has 2050 flow
2024-05-20 14:53:39 DEBUG cic.cs.unb.ca.jnetpcap.FlowGenerator    Timeout current has 2100 flow
2024-05-20 14:53:40 DEBUG cic.cs.unb.ca.jnetpcap.FlowGenerator    Timeout current has 2100 flow
2024-05-20 14:53:40 DEBUG cic.cs.unb.ca.jnetpcap.FlowGenerator    Timeout current has 2100 flow
2024-05-20 14:53:40 DEBUG cic.cs.unb.ca.jnetpcap.FlowGenerator    FlagFIN current has 2100 flow
2024-05-20 14:53:41 DEBUG cic.cs.unb.ca.jnetpcap.FlowGenerator    FlagFIN current has 2102 flow
2024-05-20 14:53:41 INFO  cic.cs.unb.ca.flow.ui.FlowMonitorPane    Pcap stop listening
2024-05-20 14:53:41 INFO  cic.cs.unb.ca.flow.ui.FlowMonitorPane    path:D:\ANN project\cicflow4.0\CICFlowmeter\bin\data\daily\2024-05-20_Flow.csv
2024-05-20 14:53:41 DEBUG cic.cs.unb.ca.jnetpcap.worker.TrafficFlowWorker    break Packet loop
