2021-09-27 14:32:31 - Pcap is listening...
2021-09-27 14:35:48 - Pcap stop listening
2021-09-27 14:35:48 - path:D:\cicflowmeter-4\CICFlowMeter-4.0\bin\data\daily\2021-09-27_Flow.csv
2021-09-27 14:42:50 - path:D:\cicflowmeter-4\CICFlowMeter-4.0\bin\data\daily\2021-09-27_Flow.csv
2021-09-27 14:49:50 - Pcap is listening...
2021-09-27 14:52:55 - Pcap stop listening
2021-09-27 14:52:55 - path:C:\Users\Network Lab\Desktop\J L Shreya\CICFlowMeter and ISCXFlowMeter\cicflowmeter-4\CICFlowMeter-4.0\bin\data\daily\2021-09-27_Flow.csv
2021-09-27 14:53:05 - Pcap is listening...
2021-09-27 14:54:31 - Pcap stop listening
2021-09-27 14:54:31 - path:C:\Users\Network Lab\Desktop\J L Shreya\CICFlowMeter and ISCXFlowMeter\cicflowmeter-4\CICFlowMeter-4.0\bin\data\daily\2021-09-27_Flow.csv
2021-09-27 14:54:49 - path:C:\Users\Network Lab\Desktop\J L Shreya\CICFlowMeter and ISCXFlowMeter\cicflowmeter-4\CICFlowMeter-4.0\bin\data\daily\2021-09-27_Flow.csv
2021-09-27 14:54:49 - path:C:\Users\Network Lab\Desktop\J L Shreya\CICFlowMeter and ISCXFlowMeter\cicflowmeter-4\CICFlowMeter-4.0\bin\data\daily\2021-09-27_Flow.csv
2021-09-27 14:56:26 - Pcap is listening...
2021-09-27 16:01:14 - Pcap stop listening
2021-09-27 16:01:14 - path:C:\Users\Network Lab\Desktop\J L Shreya\CICFlowMeter and ISCXFlowMeter\cicflowmeter-4\CICFlowMeter-4.0\bin\data\daily\2021-09-27_Flow.csv
2021-09-29 19:01:19 - Pcap is listening...
2021-09-29 19:04:20 - Pcap stop listening
2021-09-29 19:04:20 - path:C:\Users\Network Lab\Desktop\J L Shreya\CICFlowMeter and ISCXFlowMeter\cicflowmeter-4\CICFlowMeter-4.0\bin\data\daily\2021-09-29_Flow.csv
2021-09-29 19:07:47 - path:C:\Users\Network Lab\Desktop\J L Shreya\CICFlowMeter and ISCXFlowMeter\cicflowmeter-4\CICFlowMeter-4.0\bin\data\daily\2021-09-29_Flow.csv
2021-12-19 20:29:20 - Pcap is listening...
2021-12-19 20:34:17 - Pcap stop listening
2021-12-19 20:34:17 - path:F:\CICFlowMeter-4.0\bin\data\daily\2021-12-19_Flow.csv
2021-12-19 20:40:47 - Pcap is listening...
2021-12-19 20:41:21 - Pcap stop listening
2021-12-19 20:41:22 - path:F:\CICFlowMeter-4.0\bin\data\daily\2021-12-19_Flow.csv
2023-04-02 20:15:04 - Please select pcap!
2023-04-02 20:24:48 - Pcap is listening...
2023-04-02 20:26:08 - Pcap stop listening
2023-04-02 20:26:08 - path:C:\Users\TribeConnect\Downloads\cicflowmeter\bin\data\daily\2023-04-02_Flow.csv
2023-04-02 20:26:11 - Pcap is listening...
2023-04-02 20:27:19 - Pcap stop listening
2023-04-02 20:27:19 - path:C:\Users\TribeConnect\Downloads\cicflowmeter\bin\data\daily\2023-04-02_Flow.csv
2023-04-02 20:27:20 - Pcap is listening...
2023-04-02 20:27:22 - Pcap stop listening
2023-04-02 20:27:22 - path:C:\Users\TribeConnect\Downloads\cicflowmeter\bin\data\daily\2023-04-02_Flow.csv
2024-05-18 22:55:13 - Pcap is listening...
2024-05-18 22:55:48 - Pcap stop listening
2024-05-18 22:55:48 - path:D:\cicflow4.0\CICFlowmeter\bin\data\daily\2024-05-18_Flow.csv
2024-05-18 22:56:02 - path:D:\cicflow4.0\CICFlowmeter\bin\data\daily\2024-05-18_Flow.csv
2024-05-18 22:56:06 - open \Device\NPF_{BD9EBAF4-09B9-40F7-B95F-A2DDCF3664F2} fail -> failed to set hardware filter to promiscuous mode
2024-05-18 22:56:09 - path:D:\cicflow4.0\CICFlowmeter\bin\data\daily\2024-05-18_Flow.csv
2024-05-18 22:56:13 - path:D:\cicflow4.0\CICFlowmeter\bin\data\daily\2024-05-18_Flow.csv
2024-05-18 22:56:16 - path:D:\cicflow4.0\CICFlowmeter\bin\data\daily\2024-05-18_Flow.csv
2024-05-18 22:56:19 - path:D:\cicflow4.0\CICFlowmeter\bin\data\daily\2024-05-18_Flow.csv
2024-05-18 22:57:01 - Pcap is listening...
2024-05-18 22:57:11 - Pcap stop listening
2024-05-18 22:57:12 - path:D:\cicflow4.0\CICFlowmeter\bin\data\daily\2024-05-18_Flow.csv
2024-05-18 22:57:25 - Pcap is listening...
2024-05-18 23:20:23 - Pcap stop listening
2024-05-18 23:20:23 - path:D:\cicflow4.0\CICFlowmeter\bin\data\daily\2024-05-18_Flow.csv
2024-05-18 23:21:33 - Pcap is listening...
2024-05-18 23:22:08 - Pcap stop listening
2024-05-18 23:22:08 - path:D:\cicflow4.0\CICFlowmeter\bin\data\daily\2024-05-18_Flow.csv
2024-05-18 23:22:53 - Pcap is listening...
2024-05-18 23:23:21 - Pcap stop listening
2024-05-18 23:23:21 - path:D:\cicflow4.0\CICFlowmeter\bin\data\daily\2024-05-18_Flow.csv
2024-05-19 00:07:19 - Pcap is listening...
2024-05-20 00:20:46 - Pcap is listening...
2024-05-20 00:22:18 - Pcap stop listening
2024-05-20 00:22:18 - path:D:\ANN project\cicflow4.0\CICFlowmeter\bin\data\daily\2024-05-20_Flow.csv
2024-05-20 01:13:44 - Pcap is listening...
2024-05-20 01:15:43 - Pcap stop listening
2024-05-20 01:15:43 - path:D:\ANN project\cicflow4.0\CICFlowmeter\bin\data\daily\2024-05-20_Flow.csv
2024-05-20 01:32:35 - Pcap is listening...
2024-05-20 01:34:12 - Pcap stop listening
2024-05-20 01:34:12 - path:D:\ANN project\cicflow4.0\CICFlowmeter\bin\data\daily\2024-05-20_Flow.csv
2024-05-20 10:55:59 - Pcap is listening...
2024-05-20 10:56:12 - Pcap stop listening
2024-05-20 10:56:12 - path:D:\ANN project\cicflow4.0\CICFlowmeter\bin\data\daily\2024-05-20_Flow.csv
2024-05-20 11:16:59 - Pcap is listening...
2024-05-20 11:23:12 - Pcap stop listening
2024-05-20 11:23:12 - path:D:\ANN project\cicflow4.0\CICFlowmeter\bin\data\daily\2024-05-20_Flow.csv
2024-05-20 12:07:16 - Pcap is listening...
2024-05-20 12:09:40 - Pcap stop listening
2024-05-20 12:09:40 - path:D:\ANN project\cicflow4.0\CICFlowmeter\bin\data\daily\2024-05-20_Flow.csv
2024-05-20 12:24:13 - Pcap is listening...
2024-05-20 12:26:15 - Pcap stop listening
2024-05-20 12:26:15 - path:D:\ANN project\cicflow4.0\CICFlowmeter\bin\data\daily\2024-05-20_Flow.csv
2024-05-20 12:46:27 - Pcap is listening...
2024-05-20 12:48:41 - Pcap stop listening
2024-05-20 12:48:41 - path:D:\ANN project\cicflow4.0\CICFlowmeter\bin\data\daily\2024-05-20_Flow.csv
2024-05-20 12:53:25 - Pcap is listening...
2024-05-20 14:13:40 - open \Device\NPF_{BD9EBAF4-09B9-40F7-B95F-A2DDCF3664F2} fail -> failed to set hardware filter to promiscuous mode
2024-05-20 14:14:29 - path:D:\ANN project\cicflow4.0\CICFlowmeter\bin\data\daily\2024-05-20_Flow.csv
2024-05-20 14:16:23 - path:D:\ANN project\cicflow4.0\CICFlowmeter\bin\data\daily\2024-05-20_Flow.csv
2024-05-20 14:16:44 - Pcap is listening...
2024-05-20 14:44:22 - Pcap is listening...
2024-05-20 14:49:01 - Pcap is listening...
2024-05-20 14:53:41 - Pcap stop listening
2024-05-20 14:53:41 - path:D:\ANN project\cicflow4.0\CICFlowmeter\bin\data\daily\2024-05-20_Flow.csv
2024-05-22 00:35:24 - Pcap is listening...
2024-05-22 00:41:30 - Pcap stop listening
2024-05-22 00:41:30 - path:D:\ANN project\cicflow4.0\CICFlowmeter\bin\data\daily\2024-05-22_Flow.csv
2024-05-22 20:55:01 - Pcap is listening...
2024-05-22 20:56:58 - Pcap stop listening
2024-05-22 20:56:58 - path:D:\ANN project\cicflow4.0\CICFlowmeter\bin\data\daily\2024-05-22_Flow.csv
2024-05-22 20:59:35 - Pcap is listening...
2024-05-22 21:00:10 - Pcap stop listening
2024-05-22 21:00:10 - path:D:\ANN project\cicflow4.0\CICFlowmeter\bin\data\daily\2024-05-22_Flow.csv
2024-05-22 21:03:38 - Pcap is listening...
2024-05-22 21:04:37 - Pcap stop listening
2024-05-22 21:04:37 - path:D:\ANN project\cicflow4.0\CICFlowmeter\bin\data\daily\2024-05-22_Flow.csv
2024-05-22 21:06:20 - Pcap is listening...
2024-05-22 21:07:14 - Pcap is listening...
2024-05-22 21:07:51 - Pcap stop listening
2024-05-22 21:07:51 - path:D:\ANN project\cicflow4.0\CICFlowmeter\bin\data\daily\2024-05-22_Flow.csv
2024-05-22 21:07:54 - open \Device\NPF_{BD9EBAF4-09B9-40F7-B95F-A2DDCF3664F2} fail -> failed to set hardware filter to promiscuous mode
2024-05-22 21:08:30 - path:D:\ANN project\cicflow4.0\CICFlowmeter\bin\data\daily\2024-05-22_Flow.csv
2024-05-22 21:08:31 - path:D:\ANN project\cicflow4.0\CICFlowmeter\bin\data\daily\2024-05-22_Flow.csv
2024-05-22 21:08:48 - Pcap is listening...
2024-05-22 21:09:42 - open \Device\NPF_{BD9EBAF4-09B9-40F7-B95F-A2DDCF3664F2} fail -> failed to set hardware filter to promiscuous mode
2024-05-22 21:09:55 - Pcap is listening...
2024-05-22 21:10:24 - Pcap is listening...
2024-05-22 21:15:16 - Pcap stop listening
2024-05-22 21:15:16 - path:D:\ANN project\cicflow4.0\CICFlowmeter\bin\data\daily\2024-05-22_Flow.csv
2024-05-23 14:10:10 - Pcap is listening...
2024-05-23 14:13:03 - Pcap stop listening
2024-05-23 14:13:03 - path:D:\ANN project\cicflow4.0\CICFlowmeter\bin\data\daily\2024-05-23_Flow.csv
2024-05-25 09:19:10 - Pcap is listening...
2024-05-25 12:41:30 - Pcap stop listening
2024-05-25 12:41:30 - path:D:\ANN project\cicflow4.0\CICFlowmeter\bin\data\daily\2024-05-25_Flow.csv
2024-05-25 14:02:09 - Pcap is listening...
2024-05-25 14:24:27 - Pcap stop listening
2024-05-25 14:24:27 - path:D:\ANN project\cicflow4.0\CICFlowmeter\bin\data\daily\2024-05-25_Flow.csv
